**********************
Windows PowerShell transcript start
Start time: 20200819164422
Username: PC\Name
RunAs User: PC\Name
Configuration Name: 
Machine: PC (Microsoft Windows NT 10.0.18363.0)
Host Application: C:\WINDOWS\system32\WindowsPowerShell\v1.0\PowerShell.exe
Process ID: 12556
PSVersion: 5.1.18362.752
PSEdition: Desktop
PSCompatibleVersions: 1.0, 2.0, 3.0, 4.0, 5.0, 5.1.18362.752
BuildVersion: 10.0.18362.752
CLRVersion: 4.0.30319.42000
WSManStackVersion: 3.0
PSRemotingProtocolVersion: 2.3
SerializationVersion: 1.1.0.1
**********************
Transcript started, output file is C:\code\BIP%20SP%20Migration%20Repo\log\UpdateHubNav.ps1-2020-08-19-16-44-21.log
 --- Required parameter missing.  Run again with either -DeleteNavNodes or -UpdateNavNodes

Time Elapsed: 00:00:04
**********************
Windows PowerShell transcript end
End time: 20200819164427
**********************
