**********************
Windows PowerShell transcript start
Start time: 20201026094127
Username: LAPTOP-QRPJIFPT\Name
RunAs User: LAPTOP-QRPJIFPT\Name
Configuration Name: 
Machine: LAPTOP-QRPJIFPT (Microsoft Windows NT 10.0.19041.0)
Host Application: C:\WINDOWS\System32\WindowsPowerShell\v1.0\powershell.exe
Process ID: 1488
PSVersion: 5.1.19041.546
PSEdition: Desktop
PSCompatibleVersions: 1.0, 2.0, 3.0, 4.0, 5.0, 5.1.19041.546
BuildVersion: 10.0.19041.546
CLRVersion: 4.0.30319.42000
WSManStackVersion: 3.0
PSRemotingProtocolVersion: 2.3
SerializationVersion: 1.1.0.1
**********************
Transcript started, output file is C:\code\gofreshhomes\log\GoFreshHomes-Create-Folders.ps1-2020-10-26-09-41-27.log
TestLibrary1
TestLibrary2
TestLibrary3

Time Elapsed: 00:00:00
**********************
Windows PowerShell transcript end
End time: 20201026094127
**********************
