**********************
Windows PowerShell transcript start
Start time: 20201105215411
Username: LAPTOP-QRPJIFPT\Name
RunAs User: LAPTOP-QRPJIFPT\Name
Configuration Name: 
Machine: LAPTOP-QRPJIFPT (Microsoft Windows NT 10.0.19041.0)
Host Application: C:\WINDOWS\System32\WindowsPowerShell\v1.0\powershell.exe -NoProfile -NonInteractive -ExecutionPolicy Bypass -Command Import-Module 'c:\Users\Name\.vscode\extensions\ms-vscode.powershell-2020.6.0\modules\PowerShellEditorServices\PowerShellEditorServices.psd1'; Start-EditorServices -HostName 'Visual Studio Code Host' -HostProfileId 'Microsoft.VSCode' -HostVersion '2020.6.0' -AdditionalModules @('PowerShellEditorServices.VSCode') -BundledModulesPath 'c:\Users\Name\.vscode\extensions\ms-vscode.powershell-2020.6.0\modules' -EnableConsoleRepl -StartupBanner "=====> PowerShell Integrated Console v2020.6.0 <=====
" -LogLevel 'Normal' -LogPath 'c:\Users\Name\.vscode\extensions\ms-vscode.powershell-2020.6.0\logs\1604632876-6dba1e3f-5889-46f6-804f-156bdd3f73ce1604632719431\EditorServices.log' -SessionDetailsPath 'c:\Users\Name\.vscode\extensions\ms-vscode.powershell-2020.6.0\sessions\PSES-VSCode-5160-457883' -FeatureFlags @() 
Process ID: 3204
PSVersion: 5.1.19041.546
PSEdition: Desktop
PSCompatibleVersions: 1.0, 2.0, 3.0, 4.0, 5.0, 5.1.19041.546
BuildVersion: 10.0.19041.546
CLRVersion: 4.0.30319.42000
WSManStackVersion: 3.0
PSRemotingProtocolVersion: 2.3
SerializationVersion: 1.1.0.1
**********************
Transcript started, output file is C:\CODE\gofreshhomes\log\GoFreshHomes-Create-Folders.ps1-2020-11-05-21-54-11.log
NewPort
Birchwood
MI-BW-178
Tenant
Add-PNPFolder : File Not Found.
At C:\CODE\gofreshhomes\GoFreshHomes-Create-Folders.ps1:63 char:25
+                         Add-PNPFolder -Name $s -Folder $path
+                         ~~~~~~~~~~~~~~~~~~~~~~~~~~~~~~~~~~~~
    + CategoryInfo          : WriteError: (:) [Add-PnPFolder], ServerException
    + FullyQualifiedErrorId : EXCEPTION,PnP.PowerShell.Commands.Files.AddFolder
Add-PNPFolder : File Not Found.
At C:\CODE\gofreshhomes\GoFreshHomes-Create-Folders.ps1:63 char:25
+                         Add-PNPFolder -Name $s -Folder $path
+                         ~~~~~~~~~~~~~~~~~~~~~~~~~~~~~~~~~~~~
    + CategoryInfo          : WriteError: (:) [Add-PnPFolder], ServerException
    + FullyQualifiedErrorId : EXCEPTION,PnP.PowerShell.Commands.Files.AddFolder
Finance
Add-PNPFolder : File Not Found.
At C:\CODE\gofreshhomes\GoFreshHomes-Create-Folders.ps1:63 char:25
+                         Add-PNPFolder -Name $s -Folder $path
+                         ~~~~~~~~~~~~~~~~~~~~~~~~~~~~~~~~~~~~
    + CategoryInfo          : WriteError: (:) [Add-PnPFolder], ServerException
    + FullyQualifiedErrorId : EXCEPTION,PnP.PowerShell.Commands.Files.AddFolder
Add-PNPFolder : File Not Found.
At C:\CODE\gofreshhomes\GoFreshHomes-Create-Folders.ps1:63 char:25
+                         Add-PNPFolder -Name $s -Folder $path
+                         ~~~~~~~~~~~~~~~~~~~~~~~~~~~~~~~~~~~~
    + CategoryInfo          : WriteError: (:) [Add-PnPFolder], ServerException
    + FullyQualifiedErrorId : EXCEPTION,PnP.PowerShell.Commands.Files.AddFolder
Archive
Add-PNPFolder : File Not Found.
At C:\CODE\gofreshhomes\GoFreshHomes-Create-Folders.ps1:63 char:25
+                         Add-PNPFolder -Name $s -Folder $path
+                         ~~~~~~~~~~~~~~~~~~~~~~~~~~~~~~~~~~~~
    + CategoryInfo          : WriteError: (:) [Add-PnPFolder], ServerException
    + FullyQualifiedErrorId : EXCEPTION,PnP.PowerShell.Commands.Files.AddFolder
Add-PNPFolder : File Not Found.
At C:\CODE\gofreshhomes\GoFreshHomes-Create-Folders.ps1:63 char:25
+                         Add-PNPFolder -Name $s -Folder $path
+                         ~~~~~~~~~~~~~~~~~~~~~~~~~~~~~~~~~~~~
    + CategoryInfo          : WriteError: (:) [Add-PnPFolder], ServerException
    + FullyQualifiedErrorId : EXCEPTION,PnP.PowerShell.Commands.Files.AddFolder
History
Add-PNPFolder : File Not Found.
At C:\CODE\gofreshhomes\GoFreshHomes-Create-Folders.ps1:63 char:25
+                         Add-PNPFolder -Name $s -Folder $path
+                         ~~~~~~~~~~~~~~~~~~~~~~~~~~~~~~~~~~~~
    + CategoryInfo          : WriteError: (:) [Add-PnPFolder], ServerException
    + FullyQualifiedErrorId : EXCEPTION,PnP.PowerShell.Commands.Files.AddFolder
Add-PNPFolder : File Not Found.
At C:\CODE\gofreshhomes\GoFreshHomes-Create-Folders.ps1:63 char:25
+                         Add-PNPFolder -Name $s -Folder $path
+                         ~~~~~~~~~~~~~~~~~~~~~~~~~~~~~~~~~~~~
    + CategoryInfo          : WriteError: (:) [Add-PnPFolder], ServerException
    + FullyQualifiedErrorId : EXCEPTION,PnP.PowerShell.Commands.Files.AddFolder
Other
Add-PNPFolder : File Not Found.
At C:\CODE\gofreshhomes\GoFreshHomes-Create-Folders.ps1:63 char:25
+                         Add-PNPFolder -Name $s -Folder $path
+                         ~~~~~~~~~~~~~~~~~~~~~~~~~~~~~~~~~~~~
    + CategoryInfo          : WriteError: (:) [Add-PnPFolder], ServerException
    + FullyQualifiedErrorId : EXCEPTION,PnP.PowerShell.Commands.Files.AddFolder
Add-PNPFolder : File Not Found.
At C:\CODE\gofreshhomes\GoFreshHomes-Create-Folders.ps1:63 char:25
+                         Add-PNPFolder -Name $s -Folder $path
+                         ~~~~~~~~~~~~~~~~~~~~~~~~~~~~~~~~~~~~
    + CategoryInfo          : WriteError: (:) [Add-PnPFolder], ServerException
    + FullyQualifiedErrorId : EXCEPTION,PnP.PowerShell.Commands.Files.AddFolder
MI-BW-179
Tenant
Add-PNPFolder : File Not Found.
At C:\CODE\gofreshhomes\GoFreshHomes-Create-Folders.ps1:63 char:25
+                         Add-PNPFolder -Name $s -Folder $path
+                         ~~~~~~~~~~~~~~~~~~~~~~~~~~~~~~~~~~~~
    + CategoryInfo          : WriteError: (:) [Add-PnPFolder], ServerException
    + FullyQualifiedErrorId : EXCEPTION,PnP.PowerShell.Commands.Files.AddFolder
Add-PNPFolder : File Not Found.
At C:\CODE\gofreshhomes\GoFreshHomes-Create-Folders.ps1:63 char:25
+                         Add-PNPFolder -Name $s -Folder $path
+                         ~~~~~~~~~~~~~~~~~~~~~~~~~~~~~~~~~~~~
    + CategoryInfo          : WriteError: (:) [Add-PnPFolder], ServerException
    + FullyQualifiedErrorId : EXCEPTION,PnP.PowerShell.Commands.Files.AddFolder
Finance
Add-PNPFolder : File Not Found.
At C:\CODE\gofreshhomes\GoFreshHomes-Create-Folders.ps1:63 char:25
+                         Add-PNPFolder -Name $s -Folder $path
+                         ~~~~~~~~~~~~~~~~~~~~~~~~~~~~~~~~~~~~
    + CategoryInfo          : WriteError: (:) [Add-PnPFolder], ServerException
    + FullyQualifiedErrorId : EXCEPTION,PnP.PowerShell.Commands.Files.AddFolder
Add-PNPFolder : File Not Found.
At C:\CODE\gofreshhomes\GoFreshHomes-Create-Folders.ps1:63 char:25
+                         Add-PNPFolder -Name $s -Folder $path
+                         ~~~~~~~~~~~~~~~~~~~~~~~~~~~~~~~~~~~~
    + CategoryInfo          : WriteError: (:) [Add-PnPFolder], ServerException
    + FullyQualifiedErrorId : EXCEPTION,PnP.PowerShell.Commands.Files.AddFolder
Archive
Add-PNPFolder : File Not Found.
At C:\CODE\gofreshhomes\GoFreshHomes-Create-Folders.ps1:63 char:25
+                         Add-PNPFolder -Name $s -Folder $path
+                         ~~~~~~~~~~~~~~~~~~~~~~~~~~~~~~~~~~~~
    + CategoryInfo          : WriteError: (:) [Add-PnPFolder], ServerException
    + FullyQualifiedErrorId : EXCEPTION,PnP.PowerShell.Commands.Files.AddFolder
Add-PNPFolder : File Not Found.
At C:\CODE\gofreshhomes\GoFreshHomes-Create-Folders.ps1:63 char:25
+                         Add-PNPFolder -Name $s -Folder $path
+                         ~~~~~~~~~~~~~~~~~~~~~~~~~~~~~~~~~~~~
    + CategoryInfo          : WriteError: (:) [Add-PnPFolder], ServerException
    + FullyQualifiedErrorId : EXCEPTION,PnP.PowerShell.Commands.Files.AddFolder
History
Add-PNPFolder : File Not Found.
At C:\CODE\gofreshhomes\GoFreshHomes-Create-Folders.ps1:63 char:25
+                         Add-PNPFolder -Name $s -Folder $path
+                         ~~~~~~~~~~~~~~~~~~~~~~~~~~~~~~~~~~~~
    + CategoryInfo          : WriteError: (:) [Add-PnPFolder], ServerException
    + FullyQualifiedErrorId : EXCEPTION,PnP.PowerShell.Commands.Files.AddFolder
Add-PNPFolder : File Not Found.
At C:\CODE\gofreshhomes\GoFreshHomes-Create-Folders.ps1:63 char:25
+                         Add-PNPFolder -Name $s -Folder $path
+                         ~~~~~~~~~~~~~~~~~~~~~~~~~~~~~~~~~~~~
    + CategoryInfo          : WriteError: (:) [Add-PnPFolder], ServerException
    + FullyQualifiedErrorId : EXCEPTION,PnP.PowerShell.Commands.Files.AddFolder
Other
Add-PNPFolder : File Not Found.
At C:\CODE\gofreshhomes\GoFreshHomes-Create-Folders.ps1:63 char:25
+                         Add-PNPFolder -Name $s -Folder $path
+                         ~~~~~~~~~~~~~~~~~~~~~~~~~~~~~~~~~~~~
    + CategoryInfo          : WriteError: (:) [Add-PnPFolder], ServerException
    + FullyQualifiedErrorId : EXCEPTION,PnP.PowerShell.Commands.Files.AddFolder
Add-PNPFolder : File Not Found.
At C:\CODE\gofreshhomes\GoFreshHomes-Create-Folders.ps1:63 char:25
+                         Add-PNPFolder -Name $s -Folder $path
+                         ~~~~~~~~~~~~~~~~~~~~~~~~~~~~~~~~~~~~
    + CategoryInfo          : WriteError: (:) [Add-PnPFolder], ServerException
    + FullyQualifiedErrorId : EXCEPTION,PnP.PowerShell.Commands.Files.AddFolder
MI-BW-204
Tenant
Add-PNPFolder : File Not Found.
At C:\CODE\gofreshhomes\GoFreshHomes-Create-Folders.ps1:63 char:25
+                         Add-PNPFolder -Name $s -Folder $path
+                         ~~~~~~~~~~~~~~~~~~~~~~~~~~~~~~~~~~~~
    + CategoryInfo          : WriteError: (:) [Add-PnPFolder], ServerException
    + FullyQualifiedErrorId : EXCEPTION,PnP.PowerShell.Commands.Files.AddFolder
Add-PNPFolder : File Not Found.
At C:\CODE\gofreshhomes\GoFreshHomes-Create-Folders.ps1:63 char:25
+                         Add-PNPFolder -Name $s -Folder $path
+                         ~~~~~~~~~~~~~~~~~~~~~~~~~~~~~~~~~~~~
    + CategoryInfo          : WriteError: (:) [Add-PnPFolder], ServerException
    + FullyQualifiedErrorId : EXCEPTION,PnP.PowerShell.Commands.Files.AddFolder
Finance
Add-PNPFolder : File Not Found.
At C:\CODE\gofreshhomes\GoFreshHomes-Create-Folders.ps1:63 char:25
+                         Add-PNPFolder -Name $s -Folder $path
+                         ~~~~~~~~~~~~~~~~~~~~~~~~~~~~~~~~~~~~
    + CategoryInfo          : WriteError: (:) [Add-PnPFolder], ServerException
    + FullyQualifiedErrorId : EXCEPTION,PnP.PowerShell.Commands.Files.AddFolder
Add-PNPFolder : File Not Found.
At C:\CODE\gofreshhomes\GoFreshHomes-Create-Folders.ps1:63 char:25
+                         Add-PNPFolder -Name $s -Folder $path
+                         ~~~~~~~~~~~~~~~~~~~~~~~~~~~~~~~~~~~~
    + CategoryInfo          : WriteError: (:) [Add-PnPFolder], ServerException
    + FullyQualifiedErrorId : EXCEPTION,PnP.PowerShell.Commands.Files.AddFolder
Archive
Add-PNPFolder : File Not Found.
At C:\CODE\gofreshhomes\GoFreshHomes-Create-Folders.ps1:63 char:25
+                         Add-PNPFolder -Name $s -Folder $path
+                         ~~~~~~~~~~~~~~~~~~~~~~~~~~~~~~~~~~~~
    + CategoryInfo          : WriteError: (:) [Add-PnPFolder], ServerException
    + FullyQualifiedErrorId : EXCEPTION,PnP.PowerShell.Commands.Files.AddFolder
Add-PNPFolder : File Not Found.
At C:\CODE\gofreshhomes\GoFreshHomes-Create-Folders.ps1:63 char:25
+                         Add-PNPFolder -Name $s -Folder $path
+                         ~~~~~~~~~~~~~~~~~~~~~~~~~~~~~~~~~~~~
    + CategoryInfo          : WriteError: (:) [Add-PnPFolder], ServerException
    + FullyQualifiedErrorId : EXCEPTION,PnP.PowerShell.Commands.Files.AddFolder
History
Add-PNPFolder : File Not Found.
At C:\CODE\gofreshhomes\GoFreshHomes-Create-Folders.ps1:63 char:25
+                         Add-PNPFolder -Name $s -Folder $path
+                         ~~~~~~~~~~~~~~~~~~~~~~~~~~~~~~~~~~~~
    + CategoryInfo          : WriteError: (:) [Add-PnPFolder], ServerException
    + FullyQualifiedErrorId : EXCEPTION,PnP.PowerShell.Commands.Files.AddFolder
Add-PNPFolder : File Not Found.
At C:\CODE\gofreshhomes\GoFreshHomes-Create-Folders.ps1:63 char:25
+                         Add-PNPFolder -Name $s -Folder $path
+                         ~~~~~~~~~~~~~~~~~~~~~~~~~~~~~~~~~~~~
    + CategoryInfo          : WriteError: (:) [Add-PnPFolder], ServerException
    + FullyQualifiedErrorId : EXCEPTION,PnP.PowerShell.Commands.Files.AddFolder
Other
Add-PNPFolder : File Not Found.
At C:\CODE\gofreshhomes\GoFreshHomes-Create-Folders.ps1:63 char:25
+                         Add-PNPFolder -Name $s -Folder $path
+                         ~~~~~~~~~~~~~~~~~~~~~~~~~~~~~~~~~~~~
    + CategoryInfo          : WriteError: (:) [Add-PnPFolder], ServerException
    + FullyQualifiedErrorId : EXCEPTION,PnP.PowerShell.Commands.Files.AddFolder
Add-PNPFolder : File Not Found.
At C:\CODE\gofreshhomes\GoFreshHomes-Create-Folders.ps1:63 char:25
+                         Add-PNPFolder -Name $s -Folder $path
+                         ~~~~~~~~~~~~~~~~~~~~~~~~~~~~~~~~~~~~
    + CategoryInfo          : WriteError: (:) [Add-PnPFolder], ServerException
    + FullyQualifiedErrorId : EXCEPTION,PnP.PowerShell.Commands.Files.AddFolder
MI-BW-205
Tenant
Add-PNPFolder : File Not Found.
At C:\CODE\gofreshhomes\GoFreshHomes-Create-Folders.ps1:63 char:25
+                         Add-PNPFolder -Name $s -Folder $path
+                         ~~~~~~~~~~~~~~~~~~~~~~~~~~~~~~~~~~~~
    + CategoryInfo          : WriteError: (:) [Add-PnPFolder], ServerException
    + FullyQualifiedErrorId : EXCEPTION,PnP.PowerShell.Commands.Files.AddFolder
Add-PNPFolder : File Not Found.
At C:\CODE\gofreshhomes\GoFreshHomes-Create-Folders.ps1:63 char:25
+                         Add-PNPFolder -Name $s -Folder $path
+                         ~~~~~~~~~~~~~~~~~~~~~~~~~~~~~~~~~~~~
    + CategoryInfo          : WriteError: (:) [Add-PnPFolder], ServerException
    + FullyQualifiedErrorId : EXCEPTION,PnP.PowerShell.Commands.Files.AddFolder
Finance
Add-PNPFolder : File Not Found.
At C:\CODE\gofreshhomes\GoFreshHomes-Create-Folders.ps1:63 char:25
+                         Add-PNPFolder -Name $s -Folder $path
+                         ~~~~~~~~~~~~~~~~~~~~~~~~~~~~~~~~~~~~
    + CategoryInfo          : WriteError: (:) [Add-PnPFolder], ServerException
    + FullyQualifiedErrorId : EXCEPTION,PnP.PowerShell.Commands.Files.AddFolder
Add-PNPFolder : File Not Found.
At C:\CODE\gofreshhomes\GoFreshHomes-Create-Folders.ps1:63 char:25
+                         Add-PNPFolder -Name $s -Folder $path
+                         ~~~~~~~~~~~~~~~~~~~~~~~~~~~~~~~~~~~~
    + CategoryInfo          : WriteError: (:) [Add-PnPFolder], ServerException
    + FullyQualifiedErrorId : EXCEPTION,PnP.PowerShell.Commands.Files.AddFolder
Archive
Add-PNPFolder : File Not Found.
At C:\CODE\gofreshhomes\GoFreshHomes-Create-Folders.ps1:63 char:25
+                         Add-PNPFolder -Name $s -Folder $path
+                         ~~~~~~~~~~~~~~~~~~~~~~~~~~~~~~~~~~~~
    + CategoryInfo          : WriteError: (:) [Add-PnPFolder], ServerException
    + FullyQualifiedErrorId : EXCEPTION,PnP.PowerShell.Commands.Files.AddFolder
Add-PNPFolder : File Not Found.
At C:\CODE\gofreshhomes\GoFreshHomes-Create-Folders.ps1:63 char:25
+                         Add-PNPFolder -Name $s -Folder $path
+                         ~~~~~~~~~~~~~~~~~~~~~~~~~~~~~~~~~~~~
    + CategoryInfo          : WriteError: (:) [Add-PnPFolder], ServerException
    + FullyQualifiedErrorId : EXCEPTION,PnP.PowerShell.Commands.Files.AddFolder
History
Add-PNPFolder : File Not Found.
At C:\CODE\gofreshhomes\GoFreshHomes-Create-Folders.ps1:63 char:25
+                         Add-PNPFolder -Name $s -Folder $path
+                         ~~~~~~~~~~~~~~~~~~~~~~~~~~~~~~~~~~~~
    + CategoryInfo          : WriteError: (:) [Add-PnPFolder], ServerException
    + FullyQualifiedErrorId : EXCEPTION,PnP.PowerShell.Commands.Files.AddFolder
Add-PNPFolder : File Not Found.
At C:\CODE\gofreshhomes\GoFreshHomes-Create-Folders.ps1:63 char:25
+                         Add-PNPFolder -Name $s -Folder $path
+                         ~~~~~~~~~~~~~~~~~~~~~~~~~~~~~~~~~~~~
    + CategoryInfo          : WriteError: (:) [Add-PnPFolder], ServerException
    + FullyQualifiedErrorId : EXCEPTION,PnP.PowerShell.Commands.Files.AddFolder
Other
Add-PNPFolder : File Not Found.
At C:\CODE\gofreshhomes\GoFreshHomes-Create-Folders.ps1:63 char:25
+                         Add-PNPFolder -Name $s -Folder $path
+                         ~~~~~~~~~~~~~~~~~~~~~~~~~~~~~~~~~~~~
    + CategoryInfo          : WriteError: (:) [Add-PnPFolder], ServerException
    + FullyQualifiedErrorId : EXCEPTION,PnP.PowerShell.Commands.Files.AddFolder
Add-PNPFolder : File Not Found.
At C:\CODE\gofreshhomes\GoFreshHomes-Create-Folders.ps1:63 char:25
+                         Add-PNPFolder -Name $s -Folder $path
+                         ~~~~~~~~~~~~~~~~~~~~~~~~~~~~~~~~~~~~
    + CategoryInfo          : WriteError: (:) [Add-PnPFolder], ServerException
    + FullyQualifiedErrorId : EXCEPTION,PnP.PowerShell.Commands.Files.AddFolder
MI-BW-206
Tenant
Finance
Archive
History
Other

Time Elapsed: 00:00:11
**********************
Windows PowerShell transcript end
End time: 20201105215422
**********************
