**********************
Windows PowerShell transcript start
Start time: 20201105212915
Username: LAPTOP-QRPJIFPT\Name
RunAs User: LAPTOP-QRPJIFPT\Name
Configuration Name: 
Machine: LAPTOP-QRPJIFPT (Microsoft Windows NT 10.0.19041.0)
Host Application: C:\WINDOWS\System32\WindowsPowerShell\v1.0\powershell.exe -NoProfile -NonInteractive -ExecutionPolicy Bypass -Command Import-Module 'c:\Users\Name\.vscode\extensions\ms-vscode.powershell-2020.6.0\modules\PowerShellEditorServices\PowerShellEditorServices.psd1'; Start-EditorServices -HostName 'Visual Studio Code Host' -HostProfileId 'Microsoft.VSCode' -HostVersion '2020.6.0' -AdditionalModules @('PowerShellEditorServices.VSCode') -BundledModulesPath 'c:\Users\Name\.vscode\extensions\ms-vscode.powershell-2020.6.0\modules' -EnableConsoleRepl -StartupBanner "=====> PowerShell Integrated Console v2020.6.0 <=====
" -LogLevel 'Normal' -LogPath 'c:\Users\Name\.vscode\extensions\ms-vscode.powershell-2020.6.0\logs\1604632876-6dba1e3f-5889-46f6-804f-156bdd3f73ce1604632719431\EditorServices.log' -SessionDetailsPath 'c:\Users\Name\.vscode\extensions\ms-vscode.powershell-2020.6.0\sessions\PSES-VSCode-5160-457883' -FeatureFlags @() 
Process ID: 3204
PSVersion: 5.1.19041.546
PSEdition: Desktop
PSCompatibleVersions: 1.0, 2.0, 3.0, 4.0, 5.0, 5.1.19041.546
BuildVersion: 10.0.19041.546
CLRVersion: 4.0.30319.42000
WSManStackVersion: 3.0
PSRemotingProtocolVersion: 2.3
SerializationVersion: 1.1.0.1
**********************
Transcript started, output file is C:\CODE\gofreshhomes\log\GoFreshHomes-Create-Folders.ps1-2020-11-05-21-29-15.log
NewPort
Birchwood
Get-PnPFolder : File Not Found.
At C:\CODE\gofreshhomes\GoFreshHomes-Create-Folders.ps1:36 char:22
+             $found = Get-PnPFolder $path
+                      ~~~~~~~~~~~~~~~~~~~
    + CategoryInfo          : WriteError: (:) [Get-PnPFolder], ServerException
    + FullyQualifiedErrorId : EXCEPTION,PnP.PowerShell.Commands.Files.GetFolder
Get-PnPFolder : File Not Found.
At C:\CODE\gofreshhomes\GoFreshHomes-Create-Folders.ps1:36 char:22
+             $found = Get-PnPFolder $path
+                      ~~~~~~~~~~~~~~~~~~~
    + CategoryInfo          : WriteError: (:) [Get-PnPFolder], ServerException
    + FullyQualifiedErrorId : EXCEPTION,PnP.PowerShell.Commands.Files.GetFolder
PS C:\CODE\gofreshhomes> TerminatingError(Add-PnPFolder): "A positional parameter cannot be found that accepts argument '/sites/Sandbox/NewPort/Birchwood'."
Add-PnPFolder : A positional parameter cannot be found that accepts argument '/sites/Sandbox/NewPort/Birchwood'.
At C:\CODE\gofreshhomes\GoFreshHomes-Create-Folders.ps1:38 char:17
+                 Add-PNPFolder $path
+                 ~~~~~~~~~~~~~~~~~~~
    + CategoryInfo          : InvalidArgument: (:) [Add-PnPFolder], ParameterBindingException
    + FullyQualifiedErrorId : PositionalParameterNotFound,PnP.PowerShell.Commands.Files.AddFolder
Add-PnPFolder : A positional parameter cannot be found that accepts argument '/sites/Sandbox/NewPort/Birchwood'.
At C:\CODE\gofreshhomes\GoFreshHomes-Create-Folders.ps1:38 char:17
+                 Add-PNPFolder $path
+                 ~~~~~~~~~~~~~~~~~~~
    + CategoryInfo          : InvalidArgument: (:) [Add-PnPFolder], ParameterBindingException
    + FullyQualifiedErrorId : PositionalParameterNotFound,PnP.PowerShell.Commands.Files.AddFolder


Time Elapsed: 00:00:01
**********************
Windows PowerShell transcript end
End time: 20201105212916
**********************
