**********************
PowerShell transcript start
Start time: 20210126152646
Username: LAPTOP-QRPJIFPT\Name
RunAs User: LAPTOP-QRPJIFPT\Name
Configuration Name: 
Machine: LAPTOP-QRPJIFPT (Microsoft Windows NT 10.0.19042.0)
Host Application: C:\Program Files\PowerShell\7\pwsh.dll -NoProfile -NonInteractive -ExecutionPolicy Bypass -Command Import-Module 'c:\Users\Name\.vscode\extensions\ms-vscode.powershell-2020.6.0\modules\PowerShellEditorServices\PowerShellEditorServices.psd1'; Start-EditorServices -HostName 'Visual Studio Code Host' -HostProfileId 'Microsoft.VSCode' -HostVersion '2020.6.0' -AdditionalModules @('PowerShellEditorServices.VSCode') -BundledModulesPath 'c:\Users\Name\.vscode\extensions\ms-vscode.powershell-2020.6.0\modules' -EnableConsoleRepl -StartupBanner "=====> PowerShell Integrated Console v2020.6.0 <=====
" -LogLevel 'Normal' -LogPath 'c:\Users\Name\.vscode\extensions\ms-vscode.powershell-2020.6.0\logs\1611686357-55dd7b9f-c5b5-4085-8cc7-91415ee691121611686352871\EditorServices.log' -SessionDetailsPath 'c:\Users\Name\.vscode\extensions\ms-vscode.powershell-2020.6.0\sessions\PSES-VSCode-18020-636306' -FeatureFlags @() 
Process ID: 11552
PSVersion: 7.1.0
PSEdition: Core
GitCommitId: 7.1.0
OS: Microsoft Windows 10.0.19042
Platform: Win32NT
PSCompatibleVersions: 1.0, 2.0, 3.0, 4.0, 5.0, 5.1.10032.0, 6.0.0, 6.1.0, 6.2.0, 7.0.0, 7.1.0
PSRemotingProtocolVersion: 2.3
SerializationVersion: 1.1.0.1
WSManStackVersion: 3.0
**********************
Transcript started, output file is C:\Documents\GitHub\private\UPW-GFH-GoFreshHomes\log\GoFreshHomes-Create-Folders.ps1-2021-01-26-15-26-46.log
WARNING: 
A newer version of PnP PowerShell is available: 1.2.0.

Use 'Update-Module -Name PnP.PowerShell' to update.

You can turn this check off by setting the 'PNPPOWERSHELL_UPDATECHECK' environment variable to 'Off'
GFHPM

Get-PnPList: C:\Documents\GitHub\private\UPW-GFH-GoFreshHomes\GoFreshHomes-Create-Folders.ps1:24:18
Line |
  24 |          $found = Get-PnPList $title
     |                   ~~~~~~~~~~~~~~~~~~
     | Access denied. You do not have permission to perform this action or access this resource.

[91mGet-PnPList: [0mC:\Documents\GitHub\private\UPW-GFH-GoFreshHomes\GoFreshHomes-Create-Folders.ps1:24:18
[96mLine |
[96m  24 | [0m         $found = [96mGet-PnPList $title[0m
[96m     | [91m                  ~~~~~~~~~~~~~~~~~~
[91m[96m     | [91mAccess denied. You do not have permission to perform this action or access this resource.
[0m

Get-PnPWeb: C:\Documents\GitHub\private\UPW-GFH-GoFreshHomes\GoFreshHomes-Create-Folders.ps1:26:20
Line |
  26 |              $web = Get-PNPWeb
     |                     ~~~~~~~~~~
     | Access denied. You do not have permission to perform this action or access this resource.

[91mGet-PnPWeb: [0mC:\Documents\GitHub\private\UPW-GFH-GoFreshHomes\GoFreshHomes-Create-Folders.ps1:26:20
[96mLine |
[96m  26 | [0m             $web = [96mGet-PNPWeb[0m
[96m     | [91m                    ~~~~~~~~~~
[91m[96m     | [91mAccess denied. You do not have permission to perform this action or access this resource.
[0m

New-PnPList: C:\Documents\GitHub\private\UPW-GFH-GoFreshHomes\GoFreshHomes-Create-Folders.ps1:27:22
Line |
  27 |  …    $found = New-PNPList -Title $title -Template "DocumentLibrary" -We …
     |                ~~~~~~~~~~~~~~~~~~~~~~~~~~~~~~~~~~~~~~~~~~~~~~~~~~~~~~~~~
     | Object reference not set to an instance of an object.

[91mNew-PnPList: [0mC:\Documents\GitHub\private\UPW-GFH-GoFreshHomes\GoFreshHomes-Create-Folders.ps1:27:22
[96mLine |
[96m  27 | [0m …    $found = [96mNew-PNPList -Title $title -Template "DocumentLibrary" -We[0m …
[96m     | [91m               ~~~~~~~~~~~~~~~~~~~~~~~~~~~~~~~~~~~~~~~~~~~~~~~~~~~~~~~~~
[91m[96m     | [91mObject reference not set to an instance of an object.
[0m
Arbordale Acres
PS>TerminatingError(Add-PnPFolder): "Cannot bind argument to parameter 'Folder' because it is null."

Add-PnPFolder: C:\Documents\GitHub\private\UPW-GFH-GoFreshHomes\GoFreshHomes-Create-Folders.ps1:41:54
Line |
  41 |                  Add-PNPFolder -Name $folder1 -Folder $fru
     |                                                       ~~~~
     | Cannot bind argument to parameter 'Folder' because it is null.

[91mAdd-PnPFolder: [0mC:\Documents\GitHub\private\UPW-GFH-GoFreshHomes\GoFreshHomes-Create-Folders.ps1:41:54
[96mLine |
[96m  41 | [0m                 Add-PNPFolder -Name $folder1 -Folder [96m$fru[0m
[96m     | [91m                                                      ~~~~
[91m[96m     | [91mCannot bind argument to parameter 'Folder' because it is null.
[0m
CO-AA-718/409

Add-PnPFolder: C:\Documents\GitHub\private\UPW-GFH-GoFreshHomes\GoFreshHomes-Create-Folders.ps1:53:30
Line |
  53 |  …         $found = Add-PNPFolder -Name $folder2 -Folder "$fru/$folder1"
     |                     ~~~~~~~~~~~~~~~~~~~~~~~~~~~~~~~~~~~~~~~~~~~~~~~~~~~~
     | Access denied. You do not have permission to perform this action or access this resource.

[91mAdd-PnPFolder: [0mC:\Documents\GitHub\private\UPW-GFH-GoFreshHomes\GoFreshHomes-Create-Folders.ps1:53:30
[96mLine |
[96m  53 | [0m …         $found = [96mAdd-PNPFolder -Name $folder2 -Folder "$fru/$folder1"[0m
[96m     | [91m                    ~~~~~~~~~~~~~~~~~~~~~~~~~~~~~~~~~~~~~~~~~~~~~~~~~~~~
[91m[96m     | [91mAccess denied. You do not have permission to perform this action or access this resource.
[0m
Tenant

Add-PnPFolder: C:\Documents\GitHub\private\UPW-GFH-GoFreshHomes\GoFreshHomes-Create-Folders.ps1:66:25
Line |
  66 |  …               Add-PNPFolder -Name $s -Folder "$fru/$folder1/$folder2"
     |                  ~~~~~~~~~~~~~~~~~~~~~~~~~~~~~~~~~~~~~~~~~~~~~~~~~~~~~~~
     | Access denied. You do not have permission to perform this action or access this resource.

[91mAdd-PnPFolder: [0mC:\Documents\GitHub\private\UPW-GFH-GoFreshHomes\GoFreshHomes-Create-Folders.ps1:66:25
[96mLine |
[96m  66 | [0m …               [96mAdd-PNPFolder -Name $s -Folder "$fru/$folder1/$folder2"[0m
[96m     | [91m                 ~~~~~~~~~~~~~~~~~~~~~~~~~~~~~~~~~~~~~~~~~~~~~~~~~~~~~~~
[91m[96m     | [91mAccess denied. You do not have permission to perform this action or access this resource.
[0m
Asset-Unit

Add-PnPFolder: C:\Documents\GitHub\private\UPW-GFH-GoFreshHomes\GoFreshHomes-Create-Folders.ps1:66:25
Line |
  66 |  …               Add-PNPFolder -Name $s -Folder "$fru/$folder1/$folder2"
     |                  ~~~~~~~~~~~~~~~~~~~~~~~~~~~~~~~~~~~~~~~~~~~~~~~~~~~~~~~
     | Access denied. You do not have permission to perform this action or access this resource.

[91mAdd-PnPFolder: [0mC:\Documents\GitHub\private\UPW-GFH-GoFreshHomes\GoFreshHomes-Create-Folders.ps1:66:25
[96mLine |
[96m  66 | [0m …               [96mAdd-PNPFolder -Name $s -Folder "$fru/$folder1/$folder2"[0m
[96m     | [91m                 ~~~~~~~~~~~~~~~~~~~~~~~~~~~~~~~~~~~~~~~~~~~~~~~~~~~~~~~
[91m[96m     | [91mAccess denied. You do not have permission to perform this action or access this resource.
[0m
Tenant

Remove-PnPFolder: C:\Documents\GitHub\private\UPW-GFH-GoFreshHomes\GoFreshHomes-Create-Folders.ps1:77:25
Line |
  77 |  …             Remove-PNPFolder -Name $s -Folder "$fru/$folder1/$folder2 …
     |                ~~~~~~~~~~~~~~~~~~~~~~~~~~~~~~~~~~~~~~~~~~~~~~~~~~~~~~~~~
     | Access denied. You do not have permission to perform this action or access this resource.

[91mRemove-PnPFolder: [0mC:\Documents\GitHub\private\UPW-GFH-GoFreshHomes\GoFreshHomes-Create-Folders.ps1:77:25
[96mLine |
[96m  77 | [0m …             [96mRemove-PNPFolder -Name $s -Folder "$fru/$folder1/$folder2[0m …
[96m     | [91m               ~~~~~~~~~~~~~~~~~~~~~~~~~~~~~~~~~~~~~~~~~~~~~~~~~~~~~~~~~
[91m[96m     | [91mAccess denied. You do not have permission to perform this action or access this resource.
[0m
Finance

Remove-PnPFolder: C:\Documents\GitHub\private\UPW-GFH-GoFreshHomes\GoFreshHomes-Create-Folders.ps1:77:25
Line |
  77 |  …             Remove-PNPFolder -Name $s -Folder "$fru/$folder1/$folder2 …
     |                ~~~~~~~~~~~~~~~~~~~~~~~~~~~~~~~~~~~~~~~~~~~~~~~~~~~~~~~~~
     | Access denied. You do not have permission to perform this action or access this resource.

[91mRemove-PnPFolder: [0mC:\Documents\GitHub\private\UPW-GFH-GoFreshHomes\GoFreshHomes-Create-Folders.ps1:77:25
[96mLine |
[96m  77 | [0m …             [96mRemove-PNPFolder -Name $s -Folder "$fru/$folder1/$folder2[0m …
[96m     | [91m               ~~~~~~~~~~~~~~~~~~~~~~~~~~~~~~~~~~~~~~~~~~~~~~~~~~~~~~~~~
[91m[96m     | [91mAccess denied. You do not have permission to perform this action or access this resource.
[0m
Archive

Remove-PnPFolder: C:\Documents\GitHub\private\UPW-GFH-GoFreshHomes\GoFreshHomes-Create-Folders.ps1:77:25
Line |
  77 |  …             Remove-PNPFolder -Name $s -Folder "$fru/$folder1/$folder2 …
     |                ~~~~~~~~~~~~~~~~~~~~~~~~~~~~~~~~~~~~~~~~~~~~~~~~~~~~~~~~~
     | Access denied. You do not have permission to perform this action or access this resource.

[91mRemove-PnPFolder: [0mC:\Documents\GitHub\private\UPW-GFH-GoFreshHomes\GoFreshHomes-Create-Folders.ps1:77:25
[96mLine |
[96m  77 | [0m …             [96mRemove-PNPFolder -Name $s -Folder "$fru/$folder1/$folder2[0m …
[96m     | [91m               ~~~~~~~~~~~~~~~~~~~~~~~~~~~~~~~~~~~~~~~~~~~~~~~~~~~~~~~~~
[91m[96m     | [91mAccess denied. You do not have permission to perform this action or access this resource.
[0m
History

Remove-PnPFolder: C:\Documents\GitHub\private\UPW-GFH-GoFreshHomes\GoFreshHomes-Create-Folders.ps1:77:25
Line |
  77 |  …             Remove-PNPFolder -Name $s -Folder "$fru/$folder1/$folder2 …
     |                ~~~~~~~~~~~~~~~~~~~~~~~~~~~~~~~~~~~~~~~~~~~~~~~~~~~~~~~~~
     | Access denied. You do not have permission to perform this action or access this resource.

[91mRemove-PnPFolder: [0mC:\Documents\GitHub\private\UPW-GFH-GoFreshHomes\GoFreshHomes-Create-Folders.ps1:77:25
[96mLine |
[96m  77 | [0m …             [96mRemove-PNPFolder -Name $s -Folder "$fru/$folder1/$folder2[0m …
[96m     | [91m               ~~~~~~~~~~~~~~~~~~~~~~~~~~~~~~~~~~~~~~~~~~~~~~~~~~~~~~~~~
[91m[96m     | [91mAccess denied. You do not have permission to perform this action or access this resource.
[0m
Other

Remove-PnPFolder: C:\Documents\GitHub\private\UPW-GFH-GoFreshHomes\GoFreshHomes-Create-Folders.ps1:77:25
Line |
  77 |  …             Remove-PNPFolder -Name $s -Folder "$fru/$folder1/$folder2 …
     |                ~~~~~~~~~~~~~~~~~~~~~~~~~~~~~~~~~~~~~~~~~~~~~~~~~~~~~~~~~
     | Access denied. You do not have permission to perform this action or access this resource.

[91mRemove-PnPFolder: [0mC:\Documents\GitHub\private\UPW-GFH-GoFreshHomes\GoFreshHomes-Create-Folders.ps1:77:25
[96mLine |
[96m  77 | [0m …             [96mRemove-PNPFolder -Name $s -Folder "$fru/$folder1/$folder2[0m …
[96m     | [91m               ~~~~~~~~~~~~~~~~~~~~~~~~~~~~~~~~~~~~~~~~~~~~~~~~~~~~~~~~~
[91m[96m     | [91mAccess denied. You do not have permission to perform this action or access this resource.
[0m
CO-CE-327

Add-PnPFolder: C:\Documents\GitHub\private\UPW-GFH-GoFreshHomes\GoFreshHomes-Create-Folders.ps1:53:30
Line |
  53 |  …         $found = Add-PNPFolder -Name $folder2 -Folder "$fru/$folder1"
     |                     ~~~~~~~~~~~~~~~~~~~~~~~~~~~~~~~~~~~~~~~~~~~~~~~~~~~~
     | Access denied. You do not have permission to perform this action or access this resource.

[91mAdd-PnPFolder: [0mC:\Documents\GitHub\private\UPW-GFH-GoFreshHomes\GoFreshHomes-Create-Folders.ps1:53:30
[96mLine |
[96m  53 | [0m …         $found = [96mAdd-PNPFolder -Name $folder2 -Folder "$fru/$folder1"[0m
[96m     | [91m                    ~~~~~~~~~~~~~~~~~~~~~~~~~~~~~~~~~~~~~~~~~~~~~~~~~~~~
[91m[96m     | [91mAccess denied. You do not have permission to perform this action or access this resource.
[0m
Tenant

Add-PnPFolder: C:\Documents\GitHub\private\UPW-GFH-GoFreshHomes\GoFreshHomes-Create-Folders.ps1:66:25
Line |
  66 |  …               Add-PNPFolder -Name $s -Folder "$fru/$folder1/$folder2"
     |                  ~~~~~~~~~~~~~~~~~~~~~~~~~~~~~~~~~~~~~~~~~~~~~~~~~~~~~~~
     | Access denied. You do not have permission to perform this action or access this resource.

[91mAdd-PnPFolder: [0mC:\Documents\GitHub\private\UPW-GFH-GoFreshHomes\GoFreshHomes-Create-Folders.ps1:66:25
[96mLine |
[96m  66 | [0m …               [96mAdd-PNPFolder -Name $s -Folder "$fru/$folder1/$folder2"[0m
[96m     | [91m                 ~~~~~~~~~~~~~~~~~~~~~~~~~~~~~~~~~~~~~~~~~~~~~~~~~~~~~~~
[91m[96m     | [91mAccess denied. You do not have permission to perform this action or access this resource.
[0m
Asset-Unit

Add-PnPFolder: C:\Documents\GitHub\private\UPW-GFH-GoFreshHomes\GoFreshHomes-Create-Folders.ps1:66:25
Line |
  66 |  …               Add-PNPFolder -Name $s -Folder "$fru/$folder1/$folder2"
     |                  ~~~~~~~~~~~~~~~~~~~~~~~~~~~~~~~~~~~~~~~~~~~~~~~~~~~~~~~
     | Access denied. You do not have permission to perform this action or access this resource.

[91mAdd-PnPFolder: [0mC:\Documents\GitHub\private\UPW-GFH-GoFreshHomes\GoFreshHomes-Create-Folders.ps1:66:25
[96mLine |
[96m  66 | [0m …               [96mAdd-PNPFolder -Name $s -Folder "$fru/$folder1/$folder2"[0m
[96m     | [91m                 ~~~~~~~~~~~~~~~~~~~~~~~~~~~~~~~~~~~~~~~~~~~~~~~~~~~~~~~
[91m[96m     | [91mAccess denied. You do not have permission to perform this action or access this resource.
[0m
Tenant

Remove-PnPFolder: C:\Documents\GitHub\private\UPW-GFH-GoFreshHomes\GoFreshHomes-Create-Folders.ps1:77:25
Line |
  77 |  …             Remove-PNPFolder -Name $s -Folder "$fru/$folder1/$folder2 …
     |                ~~~~~~~~~~~~~~~~~~~~~~~~~~~~~~~~~~~~~~~~~~~~~~~~~~~~~~~~~
     | Access denied. You do not have permission to perform this action or access this resource.

[91mRemove-PnPFolder: [0mC:\Documents\GitHub\private\UPW-GFH-GoFreshHomes\GoFreshHomes-Create-Folders.ps1:77:25
[96mLine |
[96m  77 | [0m …             [96mRemove-PNPFolder -Name $s -Folder "$fru/$folder1/$folder2[0m …
[96m     | [91m               ~~~~~~~~~~~~~~~~~~~~~~~~~~~~~~~~~~~~~~~~~~~~~~~~~~~~~~~~~
[91m[96m     | [91mAccess denied. You do not have permission to perform this action or access this resource.
[0m
Finance

Remove-PnPFolder: C:\Documents\GitHub\private\UPW-GFH-GoFreshHomes\GoFreshHomes-Create-Folders.ps1:77:25
Line |
  77 |  …             Remove-PNPFolder -Name $s -Folder "$fru/$folder1/$folder2 …
     |                ~~~~~~~~~~~~~~~~~~~~~~~~~~~~~~~~~~~~~~~~~~~~~~~~~~~~~~~~~
     | Access denied. You do not have permission to perform this action or access this resource.

[91mRemove-PnPFolder: [0mC:\Documents\GitHub\private\UPW-GFH-GoFreshHomes\GoFreshHomes-Create-Folders.ps1:77:25
[96mLine |
[96m  77 | [0m …             [96mRemove-PNPFolder -Name $s -Folder "$fru/$folder1/$folder2[0m …
[96m     | [91m               ~~~~~~~~~~~~~~~~~~~~~~~~~~~~~~~~~~~~~~~~~~~~~~~~~~~~~~~~~
[91m[96m     | [91mAccess denied. You do not have permission to perform this action or access this resource.
[0m
Archive

Remove-PnPFolder: C:\Documents\GitHub\private\UPW-GFH-GoFreshHomes\GoFreshHomes-Create-Folders.ps1:77:25
Line |
  77 |  …             Remove-PNPFolder -Name $s -Folder "$fru/$folder1/$folder2 …
     |                ~~~~~~~~~~~~~~~~~~~~~~~~~~~~~~~~~~~~~~~~~~~~~~~~~~~~~~~~~
     | Access denied. You do not have permission to perform this action or access this resource.

[91mRemove-PnPFolder: [0mC:\Documents\GitHub\private\UPW-GFH-GoFreshHomes\GoFreshHomes-Create-Folders.ps1:77:25
[96mLine |
[96m  77 | [0m …             [96mRemove-PNPFolder -Name $s -Folder "$fru/$folder1/$folder2[0m …
[96m     | [91m               ~~~~~~~~~~~~~~~~~~~~~~~~~~~~~~~~~~~~~~~~~~~~~~~~~~~~~~~~~
[91m[96m     | [91mAccess denied. You do not have permission to perform this action or access this resource.
[0m
History

Remove-PnPFolder: C:\Documents\GitHub\private\UPW-GFH-GoFreshHomes\GoFreshHomes-Create-Folders.ps1:77:25
Line |
  77 |  …             Remove-PNPFolder -Name $s -Folder "$fru/$folder1/$folder2 …
     |                ~~~~~~~~~~~~~~~~~~~~~~~~~~~~~~~~~~~~~~~~~~~~~~~~~~~~~~~~~
     | Access denied. You do not have permission to perform this action or access this resource.

[91mRemove-PnPFolder: [0mC:\Documents\GitHub\private\UPW-GFH-GoFreshHomes\GoFreshHomes-Create-Folders.ps1:77:25
[96mLine |
[96m  77 | [0m …             [96mRemove-PNPFolder -Name $s -Folder "$fru/$folder1/$folder2[0m …
[96m     | [91m               ~~~~~~~~~~~~~~~~~~~~~~~~~~~~~~~~~~~~~~~~~~~~~~~~~~~~~~~~~
[91m[96m     | [91mAccess denied. You do not have permission to perform this action or access this resource.
[0m
Other

Remove-PnPFolder: C:\Documents\GitHub\private\UPW-GFH-GoFreshHomes\GoFreshHomes-Create-Folders.ps1:77:25
Line |
  77 |  …             Remove-PNPFolder -Name $s -Folder "$fru/$folder1/$folder2 …
     |                ~~~~~~~~~~~~~~~~~~~~~~~~~~~~~~~~~~~~~~~~~~~~~~~~~~~~~~~~~
     | Access denied. You do not have permission to perform this action or access this resource.

[91mRemove-PnPFolder: [0mC:\Documents\GitHub\private\UPW-GFH-GoFreshHomes\GoFreshHomes-Create-Folders.ps1:77:25
[96mLine |
[96m  77 | [0m …             [96mRemove-PNPFolder -Name $s -Folder "$fru/$folder1/$folder2[0m …
[96m     | [91m               ~~~~~~~~~~~~~~~~~~~~~~~~~~~~~~~~~~~~~~~~~~~~~~~~~~~~~~~~~
[91m[96m     | [91mAccess denied. You do not have permission to perform this action or access this resource.
[0m
CO-CE-71

Add-PnPFolder: C:\Documents\GitHub\private\UPW-GFH-GoFreshHomes\GoFreshHomes-Create-Folders.ps1:53:30
Line |
  53 |  …         $found = Add-PNPFolder -Name $folder2 -Folder "$fru/$folder1"
     |                     ~~~~~~~~~~~~~~~~~~~~~~~~~~~~~~~~~~~~~~~~~~~~~~~~~~~~
     | Access denied. You do not have permission to perform this action or access this resource.

[91mAdd-PnPFolder: [0mC:\Documents\GitHub\private\UPW-GFH-GoFreshHomes\GoFreshHomes-Create-Folders.ps1:53:30
[96mLine |
[96m  53 | [0m …         $found = [96mAdd-PNPFolder -Name $folder2 -Folder "$fru/$folder1"[0m
[96m     | [91m                    ~~~~~~~~~~~~~~~~~~~~~~~~~~~~~~~~~~~~~~~~~~~~~~~~~~~~
[91m[96m     | [91mAccess denied. You do not have permission to perform this action or access this resource.
[0m
Tenant

Add-PnPFolder: C:\Documents\GitHub\private\UPW-GFH-GoFreshHomes\GoFreshHomes-Create-Folders.ps1:66:25
Line |
  66 |  …               Add-PNPFolder -Name $s -Folder "$fru/$folder1/$folder2"
     |                  ~~~~~~~~~~~~~~~~~~~~~~~~~~~~~~~~~~~~~~~~~~~~~~~~~~~~~~~
     | Access denied. You do not have permission to perform this action or access this resource.

[91mAdd-PnPFolder: [0mC:\Documents\GitHub\private\UPW-GFH-GoFreshHomes\GoFreshHomes-Create-Folders.ps1:66:25
[96mLine |
[96m  66 | [0m …               [96mAdd-PNPFolder -Name $s -Folder "$fru/$folder1/$folder2"[0m
[96m     | [91m                 ~~~~~~~~~~~~~~~~~~~~~~~~~~~~~~~~~~~~~~~~~~~~~~~~~~~~~~~
[91m[96m     | [91mAccess denied. You do not have permission to perform this action or access this resource.
[0m
Asset-Unit

Add-PnPFolder: C:\Documents\GitHub\private\UPW-GFH-GoFreshHomes\GoFreshHomes-Create-Folders.ps1:66:25
Line |
  66 |  …               Add-PNPFolder -Name $s -Folder "$fru/$folder1/$folder2"
     |                  ~~~~~~~~~~~~~~~~~~~~~~~~~~~~~~~~~~~~~~~~~~~~~~~~~~~~~~~
     | Access denied. You do not have permission to perform this action or access this resource.

[91mAdd-PnPFolder: [0mC:\Documents\GitHub\private\UPW-GFH-GoFreshHomes\GoFreshHomes-Create-Folders.ps1:66:25
[96mLine |
[96m  66 | [0m …               [96mAdd-PNPFolder -Name $s -Folder "$fru/$folder1/$folder2"[0m
[96m     | [91m                 ~~~~~~~~~~~~~~~~~~~~~~~~~~~~~~~~~~~~~~~~~~~~~~~~~~~~~~~
[91m[96m     | [91mAccess denied. You do not have permission to perform this action or access this resource.
[0m
Tenant

Remove-PnPFolder: C:\Documents\GitHub\private\UPW-GFH-GoFreshHomes\GoFreshHomes-Create-Folders.ps1:77:25
Line |
  77 |  …             Remove-PNPFolder -Name $s -Folder "$fru/$folder1/$folder2 …
     |                ~~~~~~~~~~~~~~~~~~~~~~~~~~~~~~~~~~~~~~~~~~~~~~~~~~~~~~~~~
     | Access denied. You do not have permission to perform this action or access this resource.

[91mRemove-PnPFolder: [0mC:\Documents\GitHub\private\UPW-GFH-GoFreshHomes\GoFreshHomes-Create-Folders.ps1:77:25
[96mLine |
[96m  77 | [0m …             [96mRemove-PNPFolder -Name $s -Folder "$fru/$folder1/$folder2[0m …
[96m     | [91m               ~~~~~~~~~~~~~~~~~~~~~~~~~~~~~~~~~~~~~~~~~~~~~~~~~~~~~~~~~
[91m[96m     | [91mAccess denied. You do not have permission to perform this action or access this resource.
[0m
Finance

Remove-PnPFolder: C:\Documents\GitHub\private\UPW-GFH-GoFreshHomes\GoFreshHomes-Create-Folders.ps1:77:25
Line |
  77 |  …             Remove-PNPFolder -Name $s -Folder "$fru/$folder1/$folder2 …
     |                ~~~~~~~~~~~~~~~~~~~~~~~~~~~~~~~~~~~~~~~~~~~~~~~~~~~~~~~~~
     | Access denied. You do not have permission to perform this action or access this resource.

[91mRemove-PnPFolder: [0mC:\Documents\GitHub\private\UPW-GFH-GoFreshHomes\GoFreshHomes-Create-Folders.ps1:77:25
[96mLine |
[96m  77 | [0m …             [96mRemove-PNPFolder -Name $s -Folder "$fru/$folder1/$folder2[0m …
[96m     | [91m               ~~~~~~~~~~~~~~~~~~~~~~~~~~~~~~~~~~~~~~~~~~~~~~~~~~~~~~~~~
[91m[96m     | [91mAccess denied. You do not have permission to perform this action or access this resource.
[0m
Archive

Remove-PnPFolder: C:\Documents\GitHub\private\UPW-GFH-GoFreshHomes\GoFreshHomes-Create-Folders.ps1:77:25
Line |
  77 |  …             Remove-PNPFolder -Name $s -Folder "$fru/$folder1/$folder2 …
     |                ~~~~~~~~~~~~~~~~~~~~~~~~~~~~~~~~~~~~~~~~~~~~~~~~~~~~~~~~~
     | Access denied. You do not have permission to perform this action or access this resource.

[91mRemove-PnPFolder: [0mC:\Documents\GitHub\private\UPW-GFH-GoFreshHomes\GoFreshHomes-Create-Folders.ps1:77:25
[96mLine |
[96m  77 | [0m …             [96mRemove-PNPFolder -Name $s -Folder "$fru/$folder1/$folder2[0m …
[96m     | [91m               ~~~~~~~~~~~~~~~~~~~~~~~~~~~~~~~~~~~~~~~~~~~~~~~~~~~~~~~~~
[91m[96m     | [91mAccess denied. You do not have permission to perform this action or access this resource.
[0m
History

Remove-PnPFolder: C:\Documents\GitHub\private\UPW-GFH-GoFreshHomes\GoFreshHomes-Create-Folders.ps1:77:25
Line |
  77 |  …             Remove-PNPFolder -Name $s -Folder "$fru/$folder1/$folder2 …
     |                ~~~~~~~~~~~~~~~~~~~~~~~~~~~~~~~~~~~~~~~~~~~~~~~~~~~~~~~~~
     | Access denied. You do not have permission to perform this action or access this resource.

[91mRemove-PnPFolder: [0mC:\Documents\GitHub\private\UPW-GFH-GoFreshHomes\GoFreshHomes-Create-Folders.ps1:77:25
[96mLine |
[96m  77 | [0m …             [96mRemove-PNPFolder -Name $s -Folder "$fru/$folder1/$folder2[0m …
[96m     | [91m               ~~~~~~~~~~~~~~~~~~~~~~~~~~~~~~~~~~~~~~~~~~~~~~~~~~~~~~~~~
[91m[96m     | [91mAccess denied. You do not have permission to perform this action or access this resource.
[0m
Other

Remove-PnPFolder: C:\Documents\GitHub\private\UPW-GFH-GoFreshHomes\GoFreshHomes-Create-Folders.ps1:77:25
Line |
  77 |  …             Remove-PNPFolder -Name $s -Folder "$fru/$folder1/$folder2 …
     |                ~~~~~~~~~~~~~~~~~~~~~~~~~~~~~~~~~~~~~~~~~~~~~~~~~~~~~~~~~
     | Access denied. You do not have permission to perform this action or access this resource.

[91mRemove-PnPFolder: [0mC:\Documents\GitHub\private\UPW-GFH-GoFreshHomes\GoFreshHomes-Create-Folders.ps1:77:25
[96mLine |
[96m  77 | [0m …             [96mRemove-PNPFolder -Name $s -Folder "$fru/$folder1/$folder2[0m …
[96m     | [91m               ~~~~~~~~~~~~~~~~~~~~~~~~~~~~~~~~~~~~~~~~~~~~~~~~~~~~~~~~~
[91m[96m     | [91mAccess denied. You do not have permission to perform this action or access this resource.
[0m
CO-FR-1239

Add-PnPFolder: C:\Documents\GitHub\private\UPW-GFH-GoFreshHomes\GoFreshHomes-Create-Folders.ps1:53:30
Line |
  53 |  …         $found = Add-PNPFolder -Name $folder2 -Folder "$fru/$folder1"
     |                     ~~~~~~~~~~~~~~~~~~~~~~~~~~~~~~~~~~~~~~~~~~~~~~~~~~~~
     | Access denied. You do not have permission to perform this action or access this resource.

[91mAdd-PnPFolder: [0mC:\Documents\GitHub\private\UPW-GFH-GoFreshHomes\GoFreshHomes-Create-Folders.ps1:53:30
[96mLine |
[96m  53 | [0m …         $found = [96mAdd-PNPFolder -Name $folder2 -Folder "$fru/$folder1"[0m
[96m     | [91m                    ~~~~~~~~~~~~~~~~~~~~~~~~~~~~~~~~~~~~~~~~~~~~~~~~~~~~
[91m[96m     | [91mAccess denied. You do not have permission to perform this action or access this resource.
[0m
Tenant

Add-PnPFolder: C:\Documents\GitHub\private\UPW-GFH-GoFreshHomes\GoFreshHomes-Create-Folders.ps1:66:25
Line |
  66 |  …               Add-PNPFolder -Name $s -Folder "$fru/$folder1/$folder2"
     |                  ~~~~~~~~~~~~~~~~~~~~~~~~~~~~~~~~~~~~~~~~~~~~~~~~~~~~~~~
     | Access denied. You do not have permission to perform this action or access this resource.

[91mAdd-PnPFolder: [0mC:\Documents\GitHub\private\UPW-GFH-GoFreshHomes\GoFreshHomes-Create-Folders.ps1:66:25
[96mLine |
[96m  66 | [0m …               [96mAdd-PNPFolder -Name $s -Folder "$fru/$folder1/$folder2"[0m
[96m     | [91m                 ~~~~~~~~~~~~~~~~~~~~~~~~~~~~~~~~~~~~~~~~~~~~~~~~~~~~~~~
[91m[96m     | [91mAccess denied. You do not have permission to perform this action or access this resource.
[0m
Asset-Unit

Add-PnPFolder: C:\Documents\GitHub\private\UPW-GFH-GoFreshHomes\GoFreshHomes-Create-Folders.ps1:66:25
Line |
  66 |  …               Add-PNPFolder -Name $s -Folder "$fru/$folder1/$folder2"
     |                  ~~~~~~~~~~~~~~~~~~~~~~~~~~~~~~~~~~~~~~~~~~~~~~~~~~~~~~~
     | Access denied. You do not have permission to perform this action or access this resource.

[91mAdd-PnPFolder: [0mC:\Documents\GitHub\private\UPW-GFH-GoFreshHomes\GoFreshHomes-Create-Folders.ps1:66:25
[96mLine |
[96m  66 | [0m …               [96mAdd-PNPFolder -Name $s -Folder "$fru/$folder1/$folder2"[0m
[96m     | [91m                 ~~~~~~~~~~~~~~~~~~~~~~~~~~~~~~~~~~~~~~~~~~~~~~~~~~~~~~~
[91m[96m     | [91mAccess denied. You do not have permission to perform this action or access this resource.
[0m
Tenant

Remove-PnPFolder: C:\Documents\GitHub\private\UPW-GFH-GoFreshHomes\GoFreshHomes-Create-Folders.ps1:77:25
Line |
  77 |  …             Remove-PNPFolder -Name $s -Folder "$fru/$folder1/$folder2 …
     |                ~~~~~~~~~~~~~~~~~~~~~~~~~~~~~~~~~~~~~~~~~~~~~~~~~~~~~~~~~
     | Access denied. You do not have permission to perform this action or access this resource.

[91mRemove-PnPFolder: [0mC:\Documents\GitHub\private\UPW-GFH-GoFreshHomes\GoFreshHomes-Create-Folders.ps1:77:25
[96mLine |
[96m  77 | [0m …             [96mRemove-PNPFolder -Name $s -Folder "$fru/$folder1/$folder2[0m …
[96m     | [91m               ~~~~~~~~~~~~~~~~~~~~~~~~~~~~~~~~~~~~~~~~~~~~~~~~~~~~~~~~~
[91m[96m     | [91mAccess denied. You do not have permission to perform this action or access this resource.
[0m
Finance

Remove-PnPFolder: C:\Documents\GitHub\private\UPW-GFH-GoFreshHomes\GoFreshHomes-Create-Folders.ps1:77:25
Line |
  77 |  …             Remove-PNPFolder -Name $s -Folder "$fru/$folder1/$folder2 …
     |                ~~~~~~~~~~~~~~~~~~~~~~~~~~~~~~~~~~~~~~~~~~~~~~~~~~~~~~~~~
     | Access denied. You do not have permission to perform this action or access this resource.

[91mRemove-PnPFolder: [0mC:\Documents\GitHub\private\UPW-GFH-GoFreshHomes\GoFreshHomes-Create-Folders.ps1:77:25
[96mLine |
[96m  77 | [0m …             [96mRemove-PNPFolder -Name $s -Folder "$fru/$folder1/$folder2[0m …
[96m     | [91m               ~~~~~~~~~~~~~~~~~~~~~~~~~~~~~~~~~~~~~~~~~~~~~~~~~~~~~~~~~
[91m[96m     | [91mAccess denied. You do not have permission to perform this action or access this resource.
[0m
Archive

Remove-PnPFolder: C:\Documents\GitHub\private\UPW-GFH-GoFreshHomes\GoFreshHomes-Create-Folders.ps1:77:25
Line |
  77 |  …             Remove-PNPFolder -Name $s -Folder "$fru/$folder1/$folder2 …
     |                ~~~~~~~~~~~~~~~~~~~~~~~~~~~~~~~~~~~~~~~~~~~~~~~~~~~~~~~~~
     | Access denied. You do not have permission to perform this action or access this resource.

[91mRemove-PnPFolder: [0mC:\Documents\GitHub\private\UPW-GFH-GoFreshHomes\GoFreshHomes-Create-Folders.ps1:77:25
[96mLine |
[96m  77 | [0m …             [96mRemove-PNPFolder -Name $s -Folder "$fru/$folder1/$folder2[0m …
[96m     | [91m               ~~~~~~~~~~~~~~~~~~~~~~~~~~~~~~~~~~~~~~~~~~~~~~~~~~~~~~~~~
[91m[96m     | [91mAccess denied. You do not have permission to perform this action or access this resource.
[0m
History

Remove-PnPFolder: C:\Documents\GitHub\private\UPW-GFH-GoFreshHomes\GoFreshHomes-Create-Folders.ps1:77:25
Line |
  77 |  …             Remove-PNPFolder -Name $s -Folder "$fru/$folder1/$folder2 …
     |                ~~~~~~~~~~~~~~~~~~~~~~~~~~~~~~~~~~~~~~~~~~~~~~~~~~~~~~~~~
     | Access denied. You do not have permission to perform this action or access this resource.

[91mRemove-PnPFolder: [0mC:\Documents\GitHub\private\UPW-GFH-GoFreshHomes\GoFreshHomes-Create-Folders.ps1:77:25
[96mLine |
[96m  77 | [0m …             [96mRemove-PNPFolder -Name $s -Folder "$fru/$folder1/$folder2[0m …
[96m     | [91m               ~~~~~~~~~~~~~~~~~~~~~~~~~~~~~~~~~~~~~~~~~~~~~~~~~~~~~~~~~
[91m[96m     | [91mAccess denied. You do not have permission to perform this action or access this resource.
[0m
Other

Remove-PnPFolder: C:\Documents\GitHub\private\UPW-GFH-GoFreshHomes\GoFreshHomes-Create-Folders.ps1:77:25
Line |
  77 |  …             Remove-PNPFolder -Name $s -Folder "$fru/$folder1/$folder2 …
     |                ~~~~~~~~~~~~~~~~~~~~~~~~~~~~~~~~~~~~~~~~~~~~~~~~~~~~~~~~~
     | Access denied. You do not have permission to perform this action or access this resource.

[91mRemove-PnPFolder: [0mC:\Documents\GitHub\private\UPW-GFH-GoFreshHomes\GoFreshHomes-Create-Folders.ps1:77:25
[96mLine |
[96m  77 | [0m …             [96mRemove-PNPFolder -Name $s -Folder "$fru/$folder1/$folder2[0m …
[96m     | [91m               ~~~~~~~~~~~~~~~~~~~~~~~~~~~~~~~~~~~~~~~~~~~~~~~~~~~~~~~~~
[91m[96m     | [91mAccess denied. You do not have permission to perform this action or access this resource.
[0m
CO-FR-1303

Add-PnPFolder: C:\Documents\GitHub\private\UPW-GFH-GoFreshHomes\GoFreshHomes-Create-Folders.ps1:53:30
Line |
  53 |  …         $found = Add-PNPFolder -Name $folder2 -Folder "$fru/$folder1"
     |                     ~~~~~~~~~~~~~~~~~~~~~~~~~~~~~~~~~~~~~~~~~~~~~~~~~~~~
     | Access denied. You do not have permission to perform this action or access this resource.

[91mAdd-PnPFolder: [0mC:\Documents\GitHub\private\UPW-GFH-GoFreshHomes\GoFreshHomes-Create-Folders.ps1:53:30
[96mLine |
[96m  53 | [0m …         $found = [96mAdd-PNPFolder -Name $folder2 -Folder "$fru/$folder1"[0m
[96m     | [91m                    ~~~~~~~~~~~~~~~~~~~~~~~~~~~~~~~~~~~~~~~~~~~~~~~~~~~~
[91m[96m     | [91mAccess denied. You do not have permission to perform this action or access this resource.
[0m
Tenant

Add-PnPFolder: C:\Documents\GitHub\private\UPW-GFH-GoFreshHomes\GoFreshHomes-Create-Folders.ps1:66:25
Line |
  66 |  …               Add-PNPFolder -Name $s -Folder "$fru/$folder1/$folder2"
     |                  ~~~~~~~~~~~~~~~~~~~~~~~~~~~~~~~~~~~~~~~~~~~~~~~~~~~~~~~
     | Access denied. You do not have permission to perform this action or access this resource.

[91mAdd-PnPFolder: [0mC:\Documents\GitHub\private\UPW-GFH-GoFreshHomes\GoFreshHomes-Create-Folders.ps1:66:25
[96mLine |
[96m  66 | [0m …               [96mAdd-PNPFolder -Name $s -Folder "$fru/$folder1/$folder2"[0m
[96m     | [91m                 ~~~~~~~~~~~~~~~~~~~~~~~~~~~~~~~~~~~~~~~~~~~~~~~~~~~~~~~
[91m[96m     | [91mAccess denied. You do not have permission to perform this action or access this resource.
[0m
Asset-Unit

Add-PnPFolder: C:\Documents\GitHub\private\UPW-GFH-GoFreshHomes\GoFreshHomes-Create-Folders.ps1:66:25
Line |
  66 |  …               Add-PNPFolder -Name $s -Folder "$fru/$folder1/$folder2"
     |                  ~~~~~~~~~~~~~~~~~~~~~~~~~~~~~~~~~~~~~~~~~~~~~~~~~~~~~~~
     | Access denied. You do not have permission to perform this action or access this resource.

[91mAdd-PnPFolder: [0mC:\Documents\GitHub\private\UPW-GFH-GoFreshHomes\GoFreshHomes-Create-Folders.ps1:66:25
[96mLine |
[96m  66 | [0m …               [96mAdd-PNPFolder -Name $s -Folder "$fru/$folder1/$folder2"[0m
[96m     | [91m                 ~~~~~~~~~~~~~~~~~~~~~~~~~~~~~~~~~~~~~~~~~~~~~~~~~~~~~~~
[91m[96m     | [91mAccess denied. You do not have permission to perform this action or access this resource.
[0m
Tenant

Remove-PnPFolder: C:\Documents\GitHub\private\UPW-GFH-GoFreshHomes\GoFreshHomes-Create-Folders.ps1:77:25
Line |
  77 |  …             Remove-PNPFolder -Name $s -Folder "$fru/$folder1/$folder2 …
     |                ~~~~~~~~~~~~~~~~~~~~~~~~~~~~~~~~~~~~~~~~~~~~~~~~~~~~~~~~~
     | Access denied. You do not have permission to perform this action or access this resource.

[91mRemove-PnPFolder: [0mC:\Documents\GitHub\private\UPW-GFH-GoFreshHomes\GoFreshHomes-Create-Folders.ps1:77:25
[96mLine |
[96m  77 | [0m …             [96mRemove-PNPFolder -Name $s -Folder "$fru/$folder1/$folder2[0m …
[96m     | [91m               ~~~~~~~~~~~~~~~~~~~~~~~~~~~~~~~~~~~~~~~~~~~~~~~~~~~~~~~~~
[91m[96m     | [91mAccess denied. You do not have permission to perform this action or access this resource.
[0m
Finance
PS>TerminatingError(): "The pipeline has been stopped."
>> TerminatingError(): "The pipeline has been stopped."
>> TerminatingError(): "The pipeline has been stopped."
>> @{ 'computerName' = if ([Environment]::MachineName) {[Environment]::MachineName}  else {'localhost'}; 'processId' = $PID; 'instanceId' = $host.InstanceId }

Name                           Value
----                           -----
processId                      11552
computerName                   LAPTOP-QRPJIFPT
instanceId                     0f84648a-c1ac-4d21-bebb-1e514d7b417a

PS C:\Documents\GitHub\private\UPW-GFH-GoFreshHomes> cls
PS C:\Documents\GitHub\private\UPW-GFH-GoFreshHomes> @{ 'computerName' = if ([Environment]::MachineName) {[Environment]::MachineName}  else {'localhost'}; 'processId' = $PID; 'instanceId' = $host.InstanceId }

Name                           Value
----                           -----
processId                      11552
computerName                   LAPTOP-QRPJIFPT
instanceId                     0f84648a-c1ac-4d21-bebb-1e514d7b417a

PS C:\Documents\GitHub\private\UPW-GFH-GoFreshHomes> Stop-Transcript
**********************
PowerShell transcript end
End time: 20210126152907
**********************
