**********************
Windows PowerShell transcript start
Start time: 20201105212158
Username: LAPTOP-QRPJIFPT\Name
RunAs User: LAPTOP-QRPJIFPT\Name
Configuration Name: 
Machine: LAPTOP-QRPJIFPT (Microsoft Windows NT 10.0.19041.0)
Host Application: C:\WINDOWS\System32\WindowsPowerShell\v1.0\powershell.exe -NoProfile -NonInteractive -ExecutionPolicy Bypass -Command Import-Module 'c:\Users\Name\.vscode\extensions\ms-vscode.powershell-2020.6.0\modules\PowerShellEditorServices\PowerShellEditorServices.psd1'; Start-EditorServices -HostName 'Visual Studio Code Host' -HostProfileId 'Microsoft.VSCode' -HostVersion '2020.6.0' -AdditionalModules @('PowerShellEditorServices.VSCode') -BundledModulesPath 'c:\Users\Name\.vscode\extensions\ms-vscode.powershell-2020.6.0\modules' -EnableConsoleRepl -StartupBanner "=====> PowerShell Integrated Console v2020.6.0 <=====
" -LogLevel 'Normal' -LogPath 'c:\Users\Name\.vscode\extensions\ms-vscode.powershell-2020.6.0\logs\1604632876-6dba1e3f-5889-46f6-804f-156bdd3f73ce1604632719431\EditorServices.log' -SessionDetailsPath 'c:\Users\Name\.vscode\extensions\ms-vscode.powershell-2020.6.0\sessions\PSES-VSCode-5160-457883' -FeatureFlags @() 
Process ID: 3204
PSVersion: 5.1.19041.546
PSEdition: Desktop
PSCompatibleVersions: 1.0, 2.0, 3.0, 4.0, 5.0, 5.1.19041.546
BuildVersion: 10.0.19041.546
CLRVersion: 4.0.30319.42000
WSManStackVersion: 3.0
PSRemotingProtocolVersion: 2.3
SerializationVersion: 1.1.0.1
**********************
Transcript started, output file is C:\CODE\gofreshhomes\log\GoFreshHomes-Create-Folders.ps1-2020-11-05-21-21-58.log
@{Library=NewPort}
PS C:\CODE\gofreshhomes> TerminatingError(Get-PnPList): "Cannot bind parameter 'Identity'. Cannot convert value "@{Library=NewPort}" to type "PnP.PowerShell.Commands.Base.PipeBinds.ListPipeBind". Error: "Cannot convert the "@{Library=NewPort}" value of type "Selected.System.Management.Automation.PSCustomObject" to type "PnP.PowerShell.Commands.Base.PipeBinds.ListPipeBind".""
Get-PnPList : Cannot bind parameter 'Identity'. Cannot convert value "@{Library=NewPort}" to type 
"PnP.PowerShell.Commands.Base.PipeBinds.ListPipeBind". Error: "Cannot convert the "@{Library=NewPort}" value of type 
"Selected.System.Management.Automation.PSCustomObject" to type "PnP.PowerShell.Commands.Base.PipeBinds.ListPipeBind"."
At C:\CODE\gofreshhomes\GoFreshHomes-Create-Folders.ps1:23 char:30
+         $found = Get-PnPList $row
+                              ~~~~
    + CategoryInfo          : InvalidArgument: (:) [Get-PnPList], ParameterBindingException
    + FullyQualifiedErrorId : CannotConvertArgumentNoMessage,PnP.PowerShell.Commands.Lists.GetList
Get-PnPList : Cannot bind parameter 'Identity'. Cannot convert value "@{Library=NewPort}" to type "PnP.PowerShell.Commands.Base.PipeBinds.ListPipeBind". Error: "Cannot convert the
"@{Library=NewPort}" value of type "Selected.System.Management.Automation.PSCustomObject" to type "PnP.PowerShell.Commands.Base.PipeBinds.ListPipeBind"."
At C:\CODE\gofreshhomes\GoFreshHomes-Create-Folders.ps1:23 char:30
+         $found = Get-PnPList $row
+                              ~~~~
    + CategoryInfo          : InvalidArgument: (:) [Get-PnPList], ParameterBindingException
    + FullyQualifiedErrorId : CannotConvertArgumentNoMessage,PnP.PowerShell.Commands.Lists.GetList


PS C:\CODE\gofreshhomes> TerminatingError(Where-Object): "Cannot bind argument to parameter 'FilterScript' because it is null."
Where-Object : Cannot bind argument to parameter 'FilterScript' because it is null.
At C:\CODE\gofreshhomes\GoFreshHomes-Create-Folders.ps1:30 char:27
+         $match = $rows |? ${_.Library -eq $libs.Title}
+                           ~~~~~~~~~~~~~~~~~~~~~~~~~~~~
    + CategoryInfo          : InvalidData: (:) [Where-Object], ParameterBindingValidationException
    + FullyQualifiedErrorId : 
ParameterArgumentValidationErrorNullNotAllowed,Microsoft.PowerShell.Commands.WhereObjectCommand
Tenant
Get-PnPFolder : File Not Found.
At C:\CODE\gofreshhomes\GoFreshHomes-Create-Folders.ps1:44 char:22
+             $found = Get-PnPFolder $s
+                      ~~~~~~~~~~~~~~~~
    + CategoryInfo          : WriteError: (:) [Get-PnPFolder], ServerException
    + FullyQualifiedErrorId : EXCEPTION,PnP.PowerShell.Commands.Files.GetFolder
New-PNPFolder : The term 'New-PNPFolder' is not recognized as the name of a cmdlet, function, script file, or operable 
program. Check the spelling of the name, or if a path was included, verify that the path is correct and try again.
At C:\CODE\gofreshhomes\GoFreshHomes-Create-Folders.ps1:46 char:17
+                 New-PNPFolder -Title $s -Folder $found
+                 ~~~~~~~~~~~~~
    + CategoryInfo          : ObjectNotFound: (New-PNPFolder:String) [], CommandNotFoundException
    + FullyQualifiedErrorId : CommandNotFoundException
Title              Id Url
-----              -- ---
@{Library=NewPort}
Where-Object : Cannot bind argument to parameter 'FilterScript' because it is null.
At C:\CODE\gofreshhomes\GoFreshHomes-Create-Folders.ps1:30 char:27
+         $match = $rows |? ${_.Library -eq $libs.Title}
+                           ~~~~~~~~~~~~~~~~~~~~~~~~~~~~
    + CategoryInfo          : InvalidData: (:) [Where-Object], ParameterBindingValidationException
    + FullyQualifiedErrorId : ParameterArgumentValidationErrorNullNotAllowed,Microsoft.PowerShell.Commands.WhereObjectCommand

Get-PnPFolder : File Not Found.
At C:\CODE\gofreshhomes\GoFreshHomes-Create-Folders.ps1:44 char:22
+             $found = Get-PnPFolder $s
+                      ~~~~~~~~~~~~~~~~
    + CategoryInfo          : WriteError: (:) [Get-PnPFolder], ServerException
    + FullyQualifiedErrorId : EXCEPTION,PnP.PowerShell.Commands.Files.GetFolder
New-PNPFolder : The term 'New-PNPFolder' is not recognized as the name of a cmdlet, function, script file, or operable program. Check the spelling of the name, or if a path was included,
verify that the path is correct and try again.
At C:\CODE\gofreshhomes\GoFreshHomes-Create-Folders.ps1:46 char:17
+                 New-PNPFolder -Title $s -Folder $found
+                 ~~~~~~~~~~~~~
    + CategoryInfo          : ObjectNotFound: (New-PNPFolder:String) [], CommandNotFoundException
    + FullyQualifiedErrorId : CommandNotFoundException

Finance
Get-PnPFolder : File Not Found.
At C:\CODE\gofreshhomes\GoFreshHomes-Create-Folders.ps1:44 char:22
+             $found = Get-PnPFolder $s
+                      ~~~~~~~~~~~~~~~~
    + CategoryInfo          : WriteError: (:) [Get-PnPFolder], ServerException
    + FullyQualifiedErrorId : EXCEPTION,PnP.PowerShell.Commands.Files.GetFolder
Get-PnPFolder : File Not Found.
At C:\CODE\gofreshhomes\GoFreshHomes-Create-Folders.ps1:44 char:22
+             $found = Get-PnPFolder $s
+                      ~~~~~~~~~~~~~~~~
    + CategoryInfo          : WriteError: (:) [Get-PnPFolder], ServerException
    + FullyQualifiedErrorId : EXCEPTION,PnP.PowerShell.Commands.Files.GetFolder
New-PNPFolder : The term 'New-PNPFolder' is not recognized as the name of a cmdlet, function, script file, or operable 
program. Check the spelling of the name, or if a path was included, verify that the path is correct and try again.
At C:\CODE\gofreshhomes\GoFreshHomes-Create-Folders.ps1:46 char:17
+                 New-PNPFolder -Title $s -Folder $found
+                 ~~~~~~~~~~~~~
    + CategoryInfo          : ObjectNotFound: (New-PNPFolder:String) [], CommandNotFoundException
    + FullyQualifiedErrorId : CommandNotFoundException
New-PNPFolder : The term 'New-PNPFolder' is not recognized as the name of a cmdlet, function, script file, or operable program. Check the spelling of the name, or if a path was included,
verify that the path is correct and try again.
At C:\CODE\gofreshhomes\GoFreshHomes-Create-Folders.ps1:46 char:17
+                 New-PNPFolder -Title $s -Folder $found
+                 ~~~~~~~~~~~~~
    + CategoryInfo          : ObjectNotFound: (New-PNPFolder:String) [], CommandNotFoundException
    + FullyQualifiedErrorId : CommandNotFoundException

Archive
Get-PnPFolder : File Not Found.
At C:\CODE\gofreshhomes\GoFreshHomes-Create-Folders.ps1:44 char:22
+             $found = Get-PnPFolder $s
+                      ~~~~~~~~~~~~~~~~
    + CategoryInfo          : WriteError: (:) [Get-PnPFolder], ServerException
    + FullyQualifiedErrorId : EXCEPTION,PnP.PowerShell.Commands.Files.GetFolder
Get-PnPFolder : File Not Found.
At C:\CODE\gofreshhomes\GoFreshHomes-Create-Folders.ps1:44 char:22
+             $found = Get-PnPFolder $s
+                      ~~~~~~~~~~~~~~~~
    + CategoryInfo          : WriteError: (:) [Get-PnPFolder], ServerException
    + FullyQualifiedErrorId : EXCEPTION,PnP.PowerShell.Commands.Files.GetFolder
New-PNPFolder : The term 'New-PNPFolder' is not recognized as the name of a cmdlet, function, script file, or operable 
program. Check the spelling of the name, or if a path was included, verify that the path is correct and try again.
At C:\CODE\gofreshhomes\GoFreshHomes-Create-Folders.ps1:46 char:17
+                 New-PNPFolder -Title $s -Folder $found
+                 ~~~~~~~~~~~~~
    + CategoryInfo          : ObjectNotFound: (New-PNPFolder:String) [], CommandNotFoundException
    + FullyQualifiedErrorId : CommandNotFoundException
New-PNPFolder : The term 'New-PNPFolder' is not recognized as the name of a cmdlet, function, script file, or operable program. Check the spelling of the name, or if a path was included,
verify that the path is correct and try again.
At C:\CODE\gofreshhomes\GoFreshHomes-Create-Folders.ps1:46 char:17
+                 New-PNPFolder -Title $s -Folder $found
+                 ~~~~~~~~~~~~~
    + CategoryInfo          : ObjectNotFound: (New-PNPFolder:String) [], CommandNotFoundException
    + FullyQualifiedErrorId : CommandNotFoundException

History
Get-PnPFolder : File Not Found.
At C:\CODE\gofreshhomes\GoFreshHomes-Create-Folders.ps1:44 char:22
+             $found = Get-PnPFolder $s
+                      ~~~~~~~~~~~~~~~~
    + CategoryInfo          : WriteError: (:) [Get-PnPFolder], ServerException
    + FullyQualifiedErrorId : EXCEPTION,PnP.PowerShell.Commands.Files.GetFolder
Get-PnPFolder : File Not Found.
At C:\CODE\gofreshhomes\GoFreshHomes-Create-Folders.ps1:44 char:22
+             $found = Get-PnPFolder $s
+                      ~~~~~~~~~~~~~~~~
    + CategoryInfo          : WriteError: (:) [Get-PnPFolder], ServerException
    + FullyQualifiedErrorId : EXCEPTION,PnP.PowerShell.Commands.Files.GetFolder
New-PNPFolder : The term 'New-PNPFolder' is not recognized as the name of a cmdlet, function, script file, or operable 
program. Check the spelling of the name, or if a path was included, verify that the path is correct and try again.
At C:\CODE\gofreshhomes\GoFreshHomes-Create-Folders.ps1:46 char:17
+                 New-PNPFolder -Title $s -Folder $found
+                 ~~~~~~~~~~~~~
    + CategoryInfo          : ObjectNotFound: (New-PNPFolder:String) [], CommandNotFoundException
    + FullyQualifiedErrorId : CommandNotFoundException
New-PNPFolder : The term 'New-PNPFolder' is not recognized as the name of a cmdlet, function, script file, or operable program. Check the spelling of the name, or if a path was included,
verify that the path is correct and try again.
At C:\CODE\gofreshhomes\GoFreshHomes-Create-Folders.ps1:46 char:17
+                 New-PNPFolder -Title $s -Folder $found
+                 ~~~~~~~~~~~~~
    + CategoryInfo          : ObjectNotFound: (New-PNPFolder:String) [], CommandNotFoundException
    + FullyQualifiedErrorId : CommandNotFoundException

Other
Get-PnPFolder : File Not Found.
At C:\CODE\gofreshhomes\GoFreshHomes-Create-Folders.ps1:44 char:22
+             $found = Get-PnPFolder $s
+                      ~~~~~~~~~~~~~~~~
    + CategoryInfo          : WriteError: (:) [Get-PnPFolder], ServerException
    + FullyQualifiedErrorId : EXCEPTION,PnP.PowerShell.Commands.Files.GetFolder
Get-PnPFolder : File Not Found.
At C:\CODE\gofreshhomes\GoFreshHomes-Create-Folders.ps1:44 char:22
+             $found = Get-PnPFolder $s
+                      ~~~~~~~~~~~~~~~~
    + CategoryInfo          : WriteError: (:) [Get-PnPFolder], ServerException
    + FullyQualifiedErrorId : EXCEPTION,PnP.PowerShell.Commands.Files.GetFolder
New-PNPFolder : The term 'New-PNPFolder' is not recognized as the name of a cmdlet, function, script file, or operable 
program. Check the spelling of the name, or if a path was included, verify that the path is correct and try again.
At C:\CODE\gofreshhomes\GoFreshHomes-Create-Folders.ps1:46 char:17
+                 New-PNPFolder -Title $s -Folder $found
+                 ~~~~~~~~~~~~~
    + CategoryInfo          : ObjectNotFound: (New-PNPFolder:String) [], CommandNotFoundException
    + FullyQualifiedErrorId : CommandNotFoundException
New-PNPFolder : The term 'New-PNPFolder' is not recognized as the name of a cmdlet, function, script file, or operable program. Check the spelling of the name, or if a path was included,
verify that the path is correct and try again.
At C:\CODE\gofreshhomes\GoFreshHomes-Create-Folders.ps1:46 char:17
+                 New-PNPFolder -Title $s -Folder $found
+                 ~~~~~~~~~~~~~
    + CategoryInfo          : ObjectNotFound: (New-PNPFolder:String) [], CommandNotFoundException
    + FullyQualifiedErrorId : CommandNotFoundException

Tenant
Get-PnPFolder : File Not Found.
At C:\CODE\gofreshhomes\GoFreshHomes-Create-Folders.ps1:54 char:22
+             $found = Get-PnPFolder $s
+                      ~~~~~~~~~~~~~~~~
    + CategoryInfo          : WriteError: (:) [Get-PnPFolder], ServerException
    + FullyQualifiedErrorId : EXCEPTION,PnP.PowerShell.Commands.Files.GetFolder
Get-PnPFolder : File Not Found.
At C:\CODE\gofreshhomes\GoFreshHomes-Create-Folders.ps1:54 char:22
+             $found = Get-PnPFolder $s
+                      ~~~~~~~~~~~~~~~~
    + CategoryInfo          : WriteError: (:) [Get-PnPFolder], ServerException
    + FullyQualifiedErrorId : EXCEPTION,PnP.PowerShell.Commands.Files.GetFolder
New-PNPFolder : The term 'New-PNPFolder' is not recognized as the name of a cmdlet, function, script file, or operable 
program. Check the spelling of the name, or if a path was included, verify that the path is correct and try again.
At C:\CODE\gofreshhomes\GoFreshHomes-Create-Folders.ps1:56 char:17
+                 New-PNPFolder -Title $s -Folder $found
+                 ~~~~~~~~~~~~~
    + CategoryInfo          : ObjectNotFound: (New-PNPFolder:String) [], CommandNotFoundException
    + FullyQualifiedErrorId : CommandNotFoundException
New-PNPFolder : The term 'New-PNPFolder' is not recognized as the name of a cmdlet, function, script file, or operable program. Check the spelling of the name, or if a path was included,
verify that the path is correct and try again.
At C:\CODE\gofreshhomes\GoFreshHomes-Create-Folders.ps1:56 char:17
+                 New-PNPFolder -Title $s -Folder $found
+                 ~~~~~~~~~~~~~
    + CategoryInfo          : ObjectNotFound: (New-PNPFolder:String) [], CommandNotFoundException
    + FullyQualifiedErrorId : CommandNotFoundException

Finance
Get-PnPFolder : File Not Found.
At C:\CODE\gofreshhomes\GoFreshHomes-Create-Folders.ps1:54 char:22
+             $found = Get-PnPFolder $s
+                      ~~~~~~~~~~~~~~~~
    + CategoryInfo          : WriteError: (:) [Get-PnPFolder], ServerException
    + FullyQualifiedErrorId : EXCEPTION,PnP.PowerShell.Commands.Files.GetFolder
Get-PnPFolder : File Not Found.
At C:\CODE\gofreshhomes\GoFreshHomes-Create-Folders.ps1:54 char:22
+             $found = Get-PnPFolder $s
+                      ~~~~~~~~~~~~~~~~
    + CategoryInfo          : WriteError: (:) [Get-PnPFolder], ServerException
    + FullyQualifiedErrorId : EXCEPTION,PnP.PowerShell.Commands.Files.GetFolder
New-PNPFolder : The term 'New-PNPFolder' is not recognized as the name of a cmdlet, function, script file, or operable 
program. Check the spelling of the name, or if a path was included, verify that the path is correct and try again.
At C:\CODE\gofreshhomes\GoFreshHomes-Create-Folders.ps1:56 char:17
+                 New-PNPFolder -Title $s -Folder $found
+                 ~~~~~~~~~~~~~
    + CategoryInfo          : ObjectNotFound: (New-PNPFolder:String) [], CommandNotFoundException
    + FullyQualifiedErrorId : CommandNotFoundException
New-PNPFolder : The term 'New-PNPFolder' is not recognized as the name of a cmdlet, function, script file, or operable program. Check the spelling of the name, or if a path was included,
verify that the path is correct and try again.
At C:\CODE\gofreshhomes\GoFreshHomes-Create-Folders.ps1:56 char:17
+                 New-PNPFolder -Title $s -Folder $found
+                 ~~~~~~~~~~~~~
    + CategoryInfo          : ObjectNotFound: (New-PNPFolder:String) [], CommandNotFoundException
    + FullyQualifiedErrorId : CommandNotFoundException

Archive
Get-PnPFolder : File Not Found.
At C:\CODE\gofreshhomes\GoFreshHomes-Create-Folders.ps1:54 char:22
+             $found = Get-PnPFolder $s
+                      ~~~~~~~~~~~~~~~~
    + CategoryInfo          : WriteError: (:) [Get-PnPFolder], ServerException
    + FullyQualifiedErrorId : EXCEPTION,PnP.PowerShell.Commands.Files.GetFolder
Get-PnPFolder : File Not Found.
At C:\CODE\gofreshhomes\GoFreshHomes-Create-Folders.ps1:54 char:22
+             $found = Get-PnPFolder $s
+                      ~~~~~~~~~~~~~~~~
    + CategoryInfo          : WriteError: (:) [Get-PnPFolder], ServerException
    + FullyQualifiedErrorId : EXCEPTION,PnP.PowerShell.Commands.Files.GetFolder
New-PNPFolder : The term 'New-PNPFolder' is not recognized as the name of a cmdlet, function, script file, or operable 
program. Check the spelling of the name, or if a path was included, verify that the path is correct and try again.
At C:\CODE\gofreshhomes\GoFreshHomes-Create-Folders.ps1:56 char:17
+                 New-PNPFolder -Title $s -Folder $found
+                 ~~~~~~~~~~~~~
    + CategoryInfo          : ObjectNotFound: (New-PNPFolder:String) [], CommandNotFoundException
    + FullyQualifiedErrorId : CommandNotFoundException
New-PNPFolder : The term 'New-PNPFolder' is not recognized as the name of a cmdlet, function, script file, or operable program. Check the spelling of the name, or if a path was included,
verify that the path is correct and try again.
At C:\CODE\gofreshhomes\GoFreshHomes-Create-Folders.ps1:56 char:17
+                 New-PNPFolder -Title $s -Folder $found
+                 ~~~~~~~~~~~~~
    + CategoryInfo          : ObjectNotFound: (New-PNPFolder:String) [], CommandNotFoundException
    + FullyQualifiedErrorId : CommandNotFoundException

History
Get-PnPFolder : File Not Found.
At C:\CODE\gofreshhomes\GoFreshHomes-Create-Folders.ps1:54 char:22
+             $found = Get-PnPFolder $s
+                      ~~~~~~~~~~~~~~~~
    + CategoryInfo          : WriteError: (:) [Get-PnPFolder], ServerException
    + FullyQualifiedErrorId : EXCEPTION,PnP.PowerShell.Commands.Files.GetFolder
Get-PnPFolder : File Not Found.
At C:\CODE\gofreshhomes\GoFreshHomes-Create-Folders.ps1:54 char:22
+             $found = Get-PnPFolder $s
+                      ~~~~~~~~~~~~~~~~
    + CategoryInfo          : WriteError: (:) [Get-PnPFolder], ServerException
    + FullyQualifiedErrorId : EXCEPTION,PnP.PowerShell.Commands.Files.GetFolder
New-PNPFolder : The term 'New-PNPFolder' is not recognized as the name of a cmdlet, function, script file, or operable 
program. Check the spelling of the name, or if a path was included, verify that the path is correct and try again.
At C:\CODE\gofreshhomes\GoFreshHomes-Create-Folders.ps1:56 char:17
+                 New-PNPFolder -Title $s -Folder $found
+                 ~~~~~~~~~~~~~
    + CategoryInfo          : ObjectNotFound: (New-PNPFolder:String) [], CommandNotFoundException
    + FullyQualifiedErrorId : CommandNotFoundException
New-PNPFolder : The term 'New-PNPFolder' is not recognized as the name of a cmdlet, function, script file, or operable program. Check the spelling of the name, or if a path was included,
verify that the path is correct and try again.
At C:\CODE\gofreshhomes\GoFreshHomes-Create-Folders.ps1:56 char:17
+                 New-PNPFolder -Title $s -Folder $found
+                 ~~~~~~~~~~~~~
    + CategoryInfo          : ObjectNotFound: (New-PNPFolder:String) [], CommandNotFoundException
    + FullyQualifiedErrorId : CommandNotFoundException

Other
Get-PnPFolder : File Not Found.
At C:\CODE\gofreshhomes\GoFreshHomes-Create-Folders.ps1:54 char:22
+             $found = Get-PnPFolder $s
+                      ~~~~~~~~~~~~~~~~
    + CategoryInfo          : WriteError: (:) [Get-PnPFolder], ServerException
    + FullyQualifiedErrorId : EXCEPTION,PnP.PowerShell.Commands.Files.GetFolder
Get-PnPFolder : File Not Found.
At C:\CODE\gofreshhomes\GoFreshHomes-Create-Folders.ps1:54 char:22
+             $found = Get-PnPFolder $s
+                      ~~~~~~~~~~~~~~~~
    + CategoryInfo          : WriteError: (:) [Get-PnPFolder], ServerException
    + FullyQualifiedErrorId : EXCEPTION,PnP.PowerShell.Commands.Files.GetFolder
New-PNPFolder : The term 'New-PNPFolder' is not recognized as the name of a cmdlet, function, script file, or operable 
program. Check the spelling of the name, or if a path was included, verify that the path is correct and try again.
At C:\CODE\gofreshhomes\GoFreshHomes-Create-Folders.ps1:56 char:17
+                 New-PNPFolder -Title $s -Folder $found
+                 ~~~~~~~~~~~~~
    + CategoryInfo          : ObjectNotFound: (New-PNPFolder:String) [], CommandNotFoundException
    + FullyQualifiedErrorId : CommandNotFoundException
New-PNPFolder : The term 'New-PNPFolder' is not recognized as the name of a cmdlet, function, script file, or operable program. Check the spelling of the name, or if a path was included,
verify that the path is correct and try again.
At C:\CODE\gofreshhomes\GoFreshHomes-Create-Folders.ps1:56 char:17
+                 New-PNPFolder -Title $s -Folder $found
+                 ~~~~~~~~~~~~~
    + CategoryInfo          : ObjectNotFound: (New-PNPFolder:String) [], CommandNotFoundException
    + FullyQualifiedErrorId : CommandNotFoundException


Time Elapsed: 00:00:04
**********************
Windows PowerShell transcript end
End time: 20201105212202
**********************
