**********************
Windows PowerShell transcript start
Start time: 20201124161951
Username: LAPTOP-QRPJIFPT\Name
RunAs User: LAPTOP-QRPJIFPT\Name
Configuration Name: 
Machine: LAPTOP-QRPJIFPT (Microsoft Windows NT 10.0.19042.0)
Host Application: C:\WINDOWS\System32\WindowsPowerShell\v1.0\powershell.exe
Process ID: 1316
PSVersion: 5.1.19041.610
PSEdition: Desktop
PSCompatibleVersions: 1.0, 2.0, 3.0, 4.0, 5.0, 5.1.19041.610
BuildVersion: 10.0.19041.610
CLRVersion: 4.0.30319.42000
WSManStackVersion: 3.0
PSRemotingProtocolVersion: 2.3
SerializationVersion: 1.1.0.1
**********************
Transcript started, output file is C:\code\gofreshhomes\log\GoFreshHomes-Create-Folders.ps1-2020-11-24-16-19-51.log
GFHPM
Arbordale Acres

CO-AA-718/409
Add-PNPFolder : The argument must be a single folder name and cannot contain path characters.
Parameter name: folderName
At C:\code\gofreshhomes\GoFreshHomes-Create-Folders.ps1:53 char:30
+ ...         $found = Add-PNPFolder -Name $folder2 -Folder "$fru/$folder1"
+                      ~~~~~~~~~~~~~~~~~~~~~~~~~~~~~~~~~~~~~~~~~~~~~~~~~~~~
    + CategoryInfo          : WriteError: (:) [Add-PnPFolder], ArgumentException
    + FullyQualifiedErrorId : EXCEPTION,PnP.PowerShell.Commands.Files.AddFolder
Name            Type   Items/Size Last Modified
----            ----   ---------- -------------
Arbordale Acres Folder          0 11/24/2020 22:19:55
Add-PNPFolder : The argument must be a single folder name and cannot contain path characters.
Parameter name: folderName
At C:\code\gofreshhomes\GoFreshHomes-Create-Folders.ps1:53 char:30
+ ...         $found = Add-PNPFolder -Name $folder2 -Folder "$fru/$folder1"
+                      ~~~~~~~~~~~~~~~~~~~~~~~~~~~~~~~~~~~~~~~~~~~~~~~~~~~~
    + CategoryInfo          : WriteError: (:) [Add-PnPFolder], ArgumentException
    + FullyQualifiedErrorId : EXCEPTION,PnP.PowerShell.Commands.Files.AddFolder
Tenant
Add-PNPFolder : File Not Found.
At C:\code\gofreshhomes\GoFreshHomes-Create-Folders.ps1:63 char:25
+ ...               Add-PNPFolder -Name $s -Folder "$fru/$folder1/$folder2"
+                   ~~~~~~~~~~~~~~~~~~~~~~~~~~~~~~~~~~~~~~~~~~~~~~~~~~~~~~~
    + CategoryInfo          : WriteError: (:) [Add-PnPFolder], ServerException
    + FullyQualifiedErrorId : EXCEPTION,PnP.PowerShell.Commands.Files.AddFolder
Add-PNPFolder : File Not Found.
At C:\code\gofreshhomes\GoFreshHomes-Create-Folders.ps1:63 char:25
+ ...               Add-PNPFolder -Name $s -Folder "$fru/$folder1/$folder2"
+                   ~~~~~~~~~~~~~~~~~~~~~~~~~~~~~~~~~~~~~~~~~~~~~~~~~~~~~~~
    + CategoryInfo          : WriteError: (:) [Add-PnPFolder], ServerException
    + FullyQualifiedErrorId : EXCEPTION,PnP.PowerShell.Commands.Files.AddFolder
Finance
Add-PNPFolder : File Not Found.
At C:\code\gofreshhomes\GoFreshHomes-Create-Folders.ps1:63 char:25
+ ...               Add-PNPFolder -Name $s -Folder "$fru/$folder1/$folder2"
+                   ~~~~~~~~~~~~~~~~~~~~~~~~~~~~~~~~~~~~~~~~~~~~~~~~~~~~~~~
    + CategoryInfo          : WriteError: (:) [Add-PnPFolder], ServerException
    + FullyQualifiedErrorId : EXCEPTION,PnP.PowerShell.Commands.Files.AddFolder
Add-PNPFolder : File Not Found.
At C:\code\gofreshhomes\GoFreshHomes-Create-Folders.ps1:63 char:25
+ ...               Add-PNPFolder -Name $s -Folder "$fru/$folder1/$folder2"
+                   ~~~~~~~~~~~~~~~~~~~~~~~~~~~~~~~~~~~~~~~~~~~~~~~~~~~~~~~
    + CategoryInfo          : WriteError: (:) [Add-PnPFolder], ServerException
    + FullyQualifiedErrorId : EXCEPTION,PnP.PowerShell.Commands.Files.AddFolder
Archive
Add-PNPFolder : File Not Found.
At C:\code\gofreshhomes\GoFreshHomes-Create-Folders.ps1:63 char:25
+ ...               Add-PNPFolder -Name $s -Folder "$fru/$folder1/$folder2"
+                   ~~~~~~~~~~~~~~~~~~~~~~~~~~~~~~~~~~~~~~~~~~~~~~~~~~~~~~~
    + CategoryInfo          : WriteError: (:) [Add-PnPFolder], ServerException
    + FullyQualifiedErrorId : EXCEPTION,PnP.PowerShell.Commands.Files.AddFolder
Add-PNPFolder : File Not Found.
At C:\code\gofreshhomes\GoFreshHomes-Create-Folders.ps1:63 char:25
+ ...               Add-PNPFolder -Name $s -Folder "$fru/$folder1/$folder2"
+                   ~~~~~~~~~~~~~~~~~~~~~~~~~~~~~~~~~~~~~~~~~~~~~~~~~~~~~~~
    + CategoryInfo          : WriteError: (:) [Add-PnPFolder], ServerException
    + FullyQualifiedErrorId : EXCEPTION,PnP.PowerShell.Commands.Files.AddFolder
History
Add-PNPFolder : File Not Found.
At C:\code\gofreshhomes\GoFreshHomes-Create-Folders.ps1:63 char:25
+ ...               Add-PNPFolder -Name $s -Folder "$fru/$folder1/$folder2"
+                   ~~~~~~~~~~~~~~~~~~~~~~~~~~~~~~~~~~~~~~~~~~~~~~~~~~~~~~~
    + CategoryInfo          : WriteError: (:) [Add-PnPFolder], ServerException
    + FullyQualifiedErrorId : EXCEPTION,PnP.PowerShell.Commands.Files.AddFolder
Add-PNPFolder : File Not Found.
At C:\code\gofreshhomes\GoFreshHomes-Create-Folders.ps1:63 char:25
+ ...               Add-PNPFolder -Name $s -Folder "$fru/$folder1/$folder2"
+                   ~~~~~~~~~~~~~~~~~~~~~~~~~~~~~~~~~~~~~~~~~~~~~~~~~~~~~~~
    + CategoryInfo          : WriteError: (:) [Add-PnPFolder], ServerException
    + FullyQualifiedErrorId : EXCEPTION,PnP.PowerShell.Commands.Files.AddFolder
Other
Add-PNPFolder : File Not Found.
At C:\code\gofreshhomes\GoFreshHomes-Create-Folders.ps1:63 char:25
+ ...               Add-PNPFolder -Name $s -Folder "$fru/$folder1/$folder2"
+                   ~~~~~~~~~~~~~~~~~~~~~~~~~~~~~~~~~~~~~~~~~~~~~~~~~~~~~~~
    + CategoryInfo          : WriteError: (:) [Add-PnPFolder], ServerException
    + FullyQualifiedErrorId : EXCEPTION,PnP.PowerShell.Commands.Files.AddFolder
Add-PNPFolder : File Not Found.
At C:\code\gofreshhomes\GoFreshHomes-Create-Folders.ps1:63 char:25
+ ...               Add-PNPFolder -Name $s -Folder "$fru/$folder1/$folder2"
+                   ~~~~~~~~~~~~~~~~~~~~~~~~~~~~~~~~~~~~~~~~~~~~~~~~~~~~~~~
    + CategoryInfo          : WriteError: (:) [Add-PnPFolder], ServerException
    + FullyQualifiedErrorId : EXCEPTION,PnP.PowerShell.Commands.Files.AddFolder
CO-CE-327
Tenant
Tenant          Folder          0 11/24/2020 22:20:00
Finance
Finance         Folder          0 11/24/2020 22:20:01
Archive
Archive         Folder          0 11/24/2020 22:20:02
History
History         Folder          0 11/24/2020 22:20:03
Other
Other           Folder          0 11/24/2020 22:20:04
CO-CE-71
Tenant
Tenant          Folder          0 11/24/2020 22:20:06
Finance
Finance         Folder          0 11/24/2020 22:20:07
Archive
Archive         Folder          0 11/24/2020 22:20:08
History
History         Folder          0 11/24/2020 22:20:09
Other
Other           Folder          0 11/24/2020 22:20:10
CO-FR-1239
Tenant
Tenant          Folder          0 11/24/2020 22:20:12
Finance
Finance         Folder          0 11/24/2020 22:20:13
Archive
Archive         Folder          0 11/24/2020 22:20:14
History
History         Folder          0 11/24/2020 22:20:15
Other
Other           Folder          0 11/24/2020 22:20:16
CO-FR-1303
Tenant
Tenant          Folder          0 11/24/2020 22:20:18
Finance
Finance         Folder          0 11/24/2020 22:20:19
Archive
Archive         Folder          0 11/24/2020 22:20:20
History
History         Folder          0 11/24/2020 22:20:21
Other
Other           Folder          0 11/24/2020 22:20:22
CO-FR-1505
Tenant
Tenant          Folder          0 11/24/2020 22:20:24
Finance
Finance         Folder          0 11/24/2020 22:20:25
Archive
Archive         Folder          0 11/24/2020 22:20:26
History
History         Folder          0 11/24/2020 22:20:27
Other
Other           Folder          0 11/24/2020 22:20:28
CO-FR-1512
Tenant
Tenant          Folder          0 11/24/2020 22:20:30
Finance
Finance         Folder          0 11/24/2020 22:20:31
Archive
Archive         Folder          0 11/24/2020 22:20:32
History
History         Folder          0 11/24/2020 22:20:33
Other
Other           Folder          0 11/24/2020 22:20:34
CO-FR-166
Tenant
Tenant          Folder          0 11/24/2020 22:20:36
Finance
Finance         Folder          0 11/24/2020 22:20:36
Archive
Archive         Folder          0 11/24/2020 22:20:37
History
History         Folder          0 11/24/2020 22:20:38
Other
Other           Folder          0 11/24/2020 22:20:39
CO-FR-422
Tenant
Tenant          Folder          0 11/24/2020 22:20:41
Finance
Finance         Folder          0 11/24/2020 22:20:42
Archive
Archive         Folder          0 11/24/2020 22:20:43
History
History         Folder          0 11/24/2020 22:20:44
Other
Other           Folder          0 11/24/2020 22:20:45
CO-FR-447
Tenant
Tenant          Folder          0 11/24/2020 22:20:47
Finance
Finance         Folder          0 11/24/2020 22:20:48
Archive
Archive         Folder          0 11/24/2020 22:20:49
History
History         Folder          0 11/24/2020 22:20:50
Other
Other           Folder          0 11/24/2020 22:20:51
CO-FVOA-132
Tenant
Tenant          Folder          0 11/24/2020 22:20:53
Finance
Finance         Folder          0 11/24/2020 22:20:54
Archive
Archive         Folder          0 11/24/2020 22:20:55
History
History         Folder          0 11/24/2020 22:20:56
Other
Other           Folder          0 11/24/2020 22:20:57
CO-FVOA-174
Tenant
Tenant          Folder          0 11/24/2020 22:20:59
Finance
Finance         Folder          0 11/24/2020 22:21:00
Archive
Archive         Folder          0 11/24/2020 22:21:01
History
History         Folder          0 11/24/2020 22:21:02
Other
Other           Folder          0 11/24/2020 22:21:02
CO-FVOR-292
Tenant
Tenant          Folder          0 11/24/2020 22:21:05
Finance
Finance         Folder          0 11/24/2020 22:21:06
Archive
Archive         Folder          0 11/24/2020 22:21:07
History
History         Folder          0 11/24/2020 22:21:08
Other
Other           Folder          0 11/24/2020 22:21:09
CO-GT-115
Tenant
Tenant          Folder          0 11/24/2020 22:21:10
Finance
Finance         Folder          0 11/24/2020 22:21:11
Archive
Archive         Folder          0 11/24/2020 22:21:12
History
History         Folder          0 11/24/2020 22:21:13
Other
Other           Folder          0 11/24/2020 22:21:14
CO-GT-116
Tenant
Tenant          Folder          0 11/24/2020 22:21:16
Finance
Finance         Folder          0 11/24/2020 22:21:17
Archive
Archive         Folder          0 11/24/2020 22:21:18
History
History         Folder          0 11/24/2020 22:21:19
Other
Other           Folder          0 11/24/2020 22:21:20
CO-GT-221
Tenant
Tenant          Folder          0 11/24/2020 22:21:22
Finance
Finance         Folder          0 11/24/2020 22:21:23
Archive
Archive         Folder          0 11/24/2020 22:21:24
History
History         Folder          0 11/24/2020 22:21:25
Other
Other           Folder          0 11/24/2020 22:21:26
CO-KH-339
Tenant
Tenant          Folder          0 11/24/2020 22:21:28
Finance
Finance         Folder          0 11/24/2020 22:21:28
Archive
Archive         Folder          0 11/24/2020 22:21:29
History
History         Folder          0 11/24/2020 22:21:31
Other
Other           Folder          0 11/24/2020 22:21:32
CO-KH-386
Tenant
Tenant          Folder          0 11/24/2020 22:21:33
Finance
Finance         Folder          0 11/24/2020 22:21:34
Archive
Archive         Folder          0 11/24/2020 22:21:35
History
History         Folder          0 11/24/2020 22:21:36
Other
Other           Folder          0 11/24/2020 22:21:37
CO-KH-518
Tenant
Tenant          Folder          0 11/24/2020 22:21:39
Finance
Finance         Folder          0 11/24/2020 22:21:40
Archive
Archive         Folder          0 11/24/2020 22:21:41
History
History         Folder          0 11/24/2020 22:21:42
Other
Other           Folder          0 11/24/2020 22:21:43
CO-KH-573
Tenant
Tenant          Folder          0 11/24/2020 22:21:46
Finance
Finance         Folder          0 11/24/2020 22:21:47
Archive
Archive         Folder          0 11/24/2020 22:21:48
History
History         Folder          0 11/24/2020 22:21:50
Other
Other           Folder          0 11/24/2020 22:21:51
CO-KH-580
Tenant
Tenant          Folder          0 11/24/2020 22:21:53
Finance
Finance         Folder          0 11/24/2020 22:21:54
Archive
Archive         Folder          0 11/24/2020 22:21:55
History
History         Folder          0 11/24/2020 22:21:56
Other
Other           Folder          0 11/24/2020 22:21:57
CO-KH-607C
Tenant
Tenant          Folder          0 11/24/2020 22:21:59
Finance
Finance         Folder          0 11/24/2020 22:22:00
Archive
Archive         Folder          0 11/24/2020 22:22:01
History
History         Folder          0 11/24/2020 22:22:02
Other
Other           Folder          0 11/24/2020 22:22:03
CO-KH-608C
Tenant
Tenant          Folder          0 11/24/2020 22:22:05
Finance
Finance         Folder          0 11/24/2020 22:22:06
Archive
Archive         Folder          0 11/24/2020 22:22:07
History
History         Folder          0 11/24/2020 22:22:08
Other
Other           Folder          0 11/24/2020 22:22:09
CO-LL-214
Tenant
Tenant          Folder          0 11/24/2020 22:22:11
Finance
Finance         Folder          0 11/24/2020 22:22:11
Archive
Archive         Folder          0 11/24/2020 22:22:12
History
History         Folder          0 11/24/2020 22:22:13
Other
Other           Folder          0 11/24/2020 22:22:14
CO-LL-29
Tenant
Tenant          Folder          0 11/24/2020 22:22:16
Finance
Finance         Folder          0 11/24/2020 22:22:17
Archive
Archive         Folder          0 11/24/2020 22:22:18
History
History         Folder          0 11/24/2020 22:22:19
Other
Other           Folder          0 11/24/2020 22:22:20
CO-LL-69
Tenant
Tenant          Folder          0 11/24/2020 22:22:22
Finance
Finance         Folder          0 11/24/2020 22:22:23
Archive
Archive         Folder          0 11/24/2020 22:22:24
History
History         Folder          0 11/24/2020 22:22:25
Other
Other           Folder          0 11/24/2020 22:22:26
CO-NCV-389
Tenant
Tenant          Folder          0 11/24/2020 22:22:28
Finance
Finance         Folder          0 11/24/2020 22:22:29
Archive
Archive         Folder          0 11/24/2020 22:22:30
History
History         Folder          0 11/24/2020 22:22:31
Other
Other           Folder          0 11/24/2020 22:22:32
CO-WH-431
Tenant
Tenant          Folder          0 11/24/2020 22:22:34
Finance
Finance         Folder          0 11/24/2020 22:22:35
Archive
Archive         Folder          0 11/24/2020 22:22:36
History
History         Folder          0 11/24/2020 22:22:37
Other
Other           Folder          0 11/24/2020 22:22:38
SC-DA-15
Tenant
Tenant          Folder          0 11/24/2020 22:22:40
Finance
Finance         Folder          0 11/24/2020 22:22:41
Archive
Archive         Folder          0 11/24/2020 22:22:42
History
History         Folder          0 11/24/2020 22:22:43
Other
Other           Folder          0 11/24/2020 22:22:44
SC-DA-24
Tenant
Tenant          Folder          0 11/24/2020 22:22:46
Finance
Finance         Folder          0 11/24/2020 22:22:46
Archive
Archive         Folder          0 11/24/2020 22:22:47
History
History         Folder          0 11/24/2020 22:22:48
Other
Other           Folder          0 11/24/2020 22:22:49
SC-DA-26
Tenant
Tenant          Folder          0 11/24/2020 22:22:51
Finance
Finance         Folder          0 11/24/2020 22:22:52
Archive
Archive         Folder          0 11/24/2020 22:22:53
History
History         Folder          0 11/24/2020 22:22:54
Other
Other           Folder          0 11/24/2020 22:22:55
SC-DA-27
Tenant
Tenant          Folder          0 11/24/2020 22:22:57
Finance
Finance         Folder          0 11/24/2020 22:22:58
Archive
Archive         Folder          0 11/24/2020 22:22:59
History
History         Folder          0 11/24/2020 22:23:00
Other
Other           Folder          0 11/24/2020 22:23:01
SC-DA-28
Tenant
Tenant          Folder          0 11/24/2020 22:23:03
Finance
Finance         Folder          0 11/24/2020 22:23:04
Archive
Archive         Folder          0 11/24/2020 22:23:05
History
History         Folder          0 11/24/2020 22:23:06
Other
Other           Folder          0 11/24/2020 22:23:07
TX-FC-10
Tenant
Tenant          Folder          0 11/24/2020 22:23:09
Finance
Finance         Folder          0 11/24/2020 22:23:10
Archive
Archive         Folder          0 11/24/2020 22:23:10
History
