**********************
PowerShell transcript start
Start time: 20210126152910
Username: LAPTOP-QRPJIFPT\Name
RunAs User: LAPTOP-QRPJIFPT\Name
Configuration Name: 
Machine: LAPTOP-QRPJIFPT (Microsoft Windows NT 10.0.19042.0)
Host Application: C:\Program Files\PowerShell\7\pwsh.dll -NoProfile -NonInteractive -ExecutionPolicy Bypass -Command Import-Module 'c:\Users\Name\.vscode\extensions\ms-vscode.powershell-2020.6.0\modules\PowerShellEditorServices\PowerShellEditorServices.psd1'; Start-EditorServices -HostName 'Visual Studio Code Host' -HostProfileId 'Microsoft.VSCode' -HostVersion '2020.6.0' -AdditionalModules @('PowerShellEditorServices.VSCode') -BundledModulesPath 'c:\Users\Name\.vscode\extensions\ms-vscode.powershell-2020.6.0\modules' -EnableConsoleRepl -StartupBanner "=====> PowerShell Integrated Console v2020.6.0 <=====
" -LogLevel 'Normal' -LogPath 'c:\Users\Name\.vscode\extensions\ms-vscode.powershell-2020.6.0\logs\1611686357-55dd7b9f-c5b5-4085-8cc7-91415ee691121611686352871\EditorServices.log' -SessionDetailsPath 'c:\Users\Name\.vscode\extensions\ms-vscode.powershell-2020.6.0\sessions\PSES-VSCode-18020-636306' -FeatureFlags @() 
Process ID: 11552
PSVersion: 7.1.0
PSEdition: Core
GitCommitId: 7.1.0
OS: Microsoft Windows 10.0.19042
Platform: Win32NT
PSCompatibleVersions: 1.0, 2.0, 3.0, 4.0, 5.0, 5.1.10032.0, 6.0.0, 6.1.0, 6.2.0, 7.0.0, 7.1.0
PSRemotingProtocolVersion: 2.3
SerializationVersion: 1.1.0.1
WSManStackVersion: 3.0
**********************
Transcript started, output file is C:\Documents\GitHub\private\UPW-GFH-GoFreshHomes\log\GoFreshHomes-Create-Folders.ps1-2021-01-26-15-29-10.log
GFHPM
Arbordale Acres
PS C:\Documents\GitHub\private\UPW-GFH-GoFreshHomes> TerminatingError(Add-PnPFolder): "Cannot bind argument to parameter 'Folder' because it is null."

Add-PnPFolder: C:\Documents\GitHub\private\UPW-GFH-GoFreshHomes\GoFreshHomes-Create-Folders.ps1:50:54
Line |
  50 |                  Add-PNPFolder -Name $folder1 -Folder $fru
     |                                                       ~~~~
     | Cannot bind argument to parameter 'Folder' because it is null.

[91mAdd-PnPFolder: [0mC:\Documents\GitHub\private\UPW-GFH-GoFreshHomes\GoFreshHomes-Create-Folders.ps1:50:54
[96mLine |
[96m  50 | [0m                 Add-PNPFolder -Name $folder1 -Folder [96m$fru[0m
[96m     | [91m                                                      ~~~~
[91m[96m     | [91mCannot bind argument to parameter 'Folder' because it is null.
[0m
CO-AA-718/409

Add-PnPFolder: C:\Documents\GitHub\private\UPW-GFH-GoFreshHomes\GoFreshHomes-Create-Folders.ps1:62:30
Line |
  62 |  …         $found = Add-PNPFolder -Name $folder2 -Folder "$fru/$folder1"
     |                     ~~~~~~~~~~~~~~~~~~~~~~~~~~~~~~~~~~~~~~~~~~~~~~~~~~~~
     | Server relative urls must start with SPWeb.ServerRelativeUrl

[91mAdd-PnPFolder: [0mC:\Documents\GitHub\private\UPW-GFH-GoFreshHomes\GoFreshHomes-Create-Folders.ps1:62:30
[96mLine |
[96m  62 | [0m …         $found = [96mAdd-PNPFolder -Name $folder2 -Folder "$fru/$folder1"[0m
[96m     | [91m                    ~~~~~~~~~~~~~~~~~~~~~~~~~~~~~~~~~~~~~~~~~~~~~~~~~~~~
[91m[96m     | [91mServer relative urls must start with SPWeb.ServerRelativeUrl
[0m
Tenant

Add-PnPFolder: C:\Documents\GitHub\private\UPW-GFH-GoFreshHomes\GoFreshHomes-Create-Folders.ps1:75:25
Line |
  75 |  …               Add-PNPFolder -Name $s -Folder "$fru/$folder1/$folder2"
     |                  ~~~~~~~~~~~~~~~~~~~~~~~~~~~~~~~~~~~~~~~~~~~~~~~~~~~~~~~
     | Server relative urls must start with SPWeb.ServerRelativeUrl

[91mAdd-PnPFolder: [0mC:\Documents\GitHub\private\UPW-GFH-GoFreshHomes\GoFreshHomes-Create-Folders.ps1:75:25
[96mLine |
[96m  75 | [0m …               [96mAdd-PNPFolder -Name $s -Folder "$fru/$folder1/$folder2"[0m
[96m     | [91m                 ~~~~~~~~~~~~~~~~~~~~~~~~~~~~~~~~~~~~~~~~~~~~~~~~~~~~~~~
[91m[96m     | [91mServer relative urls must start with SPWeb.ServerRelativeUrl
[0m
Asset-Unit

Add-PnPFolder: C:\Documents\GitHub\private\UPW-GFH-GoFreshHomes\GoFreshHomes-Create-Folders.ps1:75:25
Line |
  75 |  …               Add-PNPFolder -Name $s -Folder "$fru/$folder1/$folder2"
     |                  ~~~~~~~~~~~~~~~~~~~~~~~~~~~~~~~~~~~~~~~~~~~~~~~~~~~~~~~
     | Server relative urls must start with SPWeb.ServerRelativeUrl

[91mAdd-PnPFolder: [0mC:\Documents\GitHub\private\UPW-GFH-GoFreshHomes\GoFreshHomes-Create-Folders.ps1:75:25
[96mLine |
[96m  75 | [0m …               [96mAdd-PNPFolder -Name $s -Folder "$fru/$folder1/$folder2"[0m
[96m     | [91m                 ~~~~~~~~~~~~~~~~~~~~~~~~~~~~~~~~~~~~~~~~~~~~~~~~~~~~~~~
[91m[96m     | [91mServer relative urls must start with SPWeb.ServerRelativeUrl
[0m
Tenant

Remove-PnPFolder: C:\Documents\GitHub\private\UPW-GFH-GoFreshHomes\GoFreshHomes-Create-Folders.ps1:86:25
Line |
  86 |  …             Remove-PNPFolder -Name $s -Folder "$fru/$folder1/$folder2 …
     |                ~~~~~~~~~~~~~~~~~~~~~~~~~~~~~~~~~~~~~~~~~~~~~~~~~~~~~~~~~
     | File Not Found.

[91mRemove-PnPFolder: [0mC:\Documents\GitHub\private\UPW-GFH-GoFreshHomes\GoFreshHomes-Create-Folders.ps1:86:25
[96mLine |
[96m  86 | [0m …             [96mRemove-PNPFolder -Name $s -Folder "$fru/$folder1/$folder2[0m …
[96m     | [91m               ~~~~~~~~~~~~~~~~~~~~~~~~~~~~~~~~~~~~~~~~~~~~~~~~~~~~~~~~~
[91m[96m     | [91mFile Not Found.
[0m
Finance

Remove-PnPFolder: C:\Documents\GitHub\private\UPW-GFH-GoFreshHomes\GoFreshHomes-Create-Folders.ps1:86:25
Line |
  86 |  …             Remove-PNPFolder -Name $s -Folder "$fru/$folder1/$folder2 …
     |                ~~~~~~~~~~~~~~~~~~~~~~~~~~~~~~~~~~~~~~~~~~~~~~~~~~~~~~~~~
     | File Not Found.

[91mRemove-PnPFolder: [0mC:\Documents\GitHub\private\UPW-GFH-GoFreshHomes\GoFreshHomes-Create-Folders.ps1:86:25
[96mLine |
[96m  86 | [0m …             [96mRemove-PNPFolder -Name $s -Folder "$fru/$folder1/$folder2[0m …
[96m     | [91m               ~~~~~~~~~~~~~~~~~~~~~~~~~~~~~~~~~~~~~~~~~~~~~~~~~~~~~~~~~
[91m[96m     | [91mFile Not Found.
[0m
Archive

Remove-PnPFolder: C:\Documents\GitHub\private\UPW-GFH-GoFreshHomes\GoFreshHomes-Create-Folders.ps1:86:25
Line |
  86 |  …             Remove-PNPFolder -Name $s -Folder "$fru/$folder1/$folder2 …
     |                ~~~~~~~~~~~~~~~~~~~~~~~~~~~~~~~~~~~~~~~~~~~~~~~~~~~~~~~~~
     | File Not Found.

[91mRemove-PnPFolder: [0mC:\Documents\GitHub\private\UPW-GFH-GoFreshHomes\GoFreshHomes-Create-Folders.ps1:86:25
[96mLine |
[96m  86 | [0m …             [96mRemove-PNPFolder -Name $s -Folder "$fru/$folder1/$folder2[0m …
[96m     | [91m               ~~~~~~~~~~~~~~~~~~~~~~~~~~~~~~~~~~~~~~~~~~~~~~~~~~~~~~~~~
[91m[96m     | [91mFile Not Found.
[0m
History

Remove-PnPFolder: C:\Documents\GitHub\private\UPW-GFH-GoFreshHomes\GoFreshHomes-Create-Folders.ps1:86:25
Line |
  86 |  …             Remove-PNPFolder -Name $s -Folder "$fru/$folder1/$folder2 …
     |                ~~~~~~~~~~~~~~~~~~~~~~~~~~~~~~~~~~~~~~~~~~~~~~~~~~~~~~~~~
     | File Not Found.

[91mRemove-PnPFolder: [0mC:\Documents\GitHub\private\UPW-GFH-GoFreshHomes\GoFreshHomes-Create-Folders.ps1:86:25
[96mLine |
[96m  86 | [0m …             [96mRemove-PNPFolder -Name $s -Folder "$fru/$folder1/$folder2[0m …
[96m     | [91m               ~~~~~~~~~~~~~~~~~~~~~~~~~~~~~~~~~~~~~~~~~~~~~~~~~~~~~~~~~
[91m[96m     | [91mFile Not Found.
[0m
Other

Remove-PnPFolder: C:\Documents\GitHub\private\UPW-GFH-GoFreshHomes\GoFreshHomes-Create-Folders.ps1:86:25
Line |
  86 |  …             Remove-PNPFolder -Name $s -Folder "$fru/$folder1/$folder2 …
     |                ~~~~~~~~~~~~~~~~~~~~~~~~~~~~~~~~~~~~~~~~~~~~~~~~~~~~~~~~~
     | File Not Found.

[91mRemove-PnPFolder: [0mC:\Documents\GitHub\private\UPW-GFH-GoFreshHomes\GoFreshHomes-Create-Folders.ps1:86:25
[96mLine |
[96m  86 | [0m …             [96mRemove-PNPFolder -Name $s -Folder "$fru/$folder1/$folder2[0m …
[96m     | [91m               ~~~~~~~~~~~~~~~~~~~~~~~~~~~~~~~~~~~~~~~~~~~~~~~~~~~~~~~~~
[91m[96m     | [91mFile Not Found.
[0m
CO-CE-327

Add-PnPFolder: C:\Documents\GitHub\private\UPW-GFH-GoFreshHomes\GoFreshHomes-Create-Folders.ps1:62:30
Line |
  62 |  …         $found = Add-PNPFolder -Name $folder2 -Folder "$fru/$folder1"
     |                     ~~~~~~~~~~~~~~~~~~~~~~~~~~~~~~~~~~~~~~~~~~~~~~~~~~~~
     | Server relative urls must start with SPWeb.ServerRelativeUrl

[91mAdd-PnPFolder: [0mC:\Documents\GitHub\private\UPW-GFH-GoFreshHomes\GoFreshHomes-Create-Folders.ps1:62:30
[96mLine |
[96m  62 | [0m …         $found = [96mAdd-PNPFolder -Name $folder2 -Folder "$fru/$folder1"[0m
[96m     | [91m                    ~~~~~~~~~~~~~~~~~~~~~~~~~~~~~~~~~~~~~~~~~~~~~~~~~~~~
[91m[96m     | [91mServer relative urls must start with SPWeb.ServerRelativeUrl
[0m
Tenant

Add-PnPFolder: C:\Documents\GitHub\private\UPW-GFH-GoFreshHomes\GoFreshHomes-Create-Folders.ps1:75:25
Line |
  75 |  …               Add-PNPFolder -Name $s -Folder "$fru/$folder1/$folder2"
     |                  ~~~~~~~~~~~~~~~~~~~~~~~~~~~~~~~~~~~~~~~~~~~~~~~~~~~~~~~
     | Server relative urls must start with SPWeb.ServerRelativeUrl

[91mAdd-PnPFolder: [0mC:\Documents\GitHub\private\UPW-GFH-GoFreshHomes\GoFreshHomes-Create-Folders.ps1:75:25
[96mLine |
[96m  75 | [0m …               [96mAdd-PNPFolder -Name $s -Folder "$fru/$folder1/$folder2"[0m
[96m     | [91m                 ~~~~~~~~~~~~~~~~~~~~~~~~~~~~~~~~~~~~~~~~~~~~~~~~~~~~~~~
[91m[96m     | [91mServer relative urls must start with SPWeb.ServerRelativeUrl
[0m
Asset-Unit

Add-PnPFolder: C:\Documents\GitHub\private\UPW-GFH-GoFreshHomes\GoFreshHomes-Create-Folders.ps1:75:25
Line |
  75 |  …               Add-PNPFolder -Name $s -Folder "$fru/$folder1/$folder2"
     |                  ~~~~~~~~~~~~~~~~~~~~~~~~~~~~~~~~~~~~~~~~~~~~~~~~~~~~~~~
     | Server relative urls must start with SPWeb.ServerRelativeUrl

[91mAdd-PnPFolder: [0mC:\Documents\GitHub\private\UPW-GFH-GoFreshHomes\GoFreshHomes-Create-Folders.ps1:75:25
[96mLine |
[96m  75 | [0m …               [96mAdd-PNPFolder -Name $s -Folder "$fru/$folder1/$folder2"[0m
[96m     | [91m                 ~~~~~~~~~~~~~~~~~~~~~~~~~~~~~~~~~~~~~~~~~~~~~~~~~~~~~~~
[91m[96m     | [91mServer relative urls must start with SPWeb.ServerRelativeUrl
[0m
Tenant

Remove-PnPFolder: C:\Documents\GitHub\private\UPW-GFH-GoFreshHomes\GoFreshHomes-Create-Folders.ps1:86:25
Line |
  86 |  …             Remove-PNPFolder -Name $s -Folder "$fru/$folder1/$folder2 …
     |                ~~~~~~~~~~~~~~~~~~~~~~~~~~~~~~~~~~~~~~~~~~~~~~~~~~~~~~~~~
     | File Not Found.

[91mRemove-PnPFolder: [0mC:\Documents\GitHub\private\UPW-GFH-GoFreshHomes\GoFreshHomes-Create-Folders.ps1:86:25
[96mLine |
[96m  86 | [0m …             [96mRemove-PNPFolder -Name $s -Folder "$fru/$folder1/$folder2[0m …
[96m     | [91m               ~~~~~~~~~~~~~~~~~~~~~~~~~~~~~~~~~~~~~~~~~~~~~~~~~~~~~~~~~
[91m[96m     | [91mFile Not Found.
[0m
Finance

Remove-PnPFolder: C:\Documents\GitHub\private\UPW-GFH-GoFreshHomes\GoFreshHomes-Create-Folders.ps1:86:25
Line |
  86 |  …             Remove-PNPFolder -Name $s -Folder "$fru/$folder1/$folder2 …
     |                ~~~~~~~~~~~~~~~~~~~~~~~~~~~~~~~~~~~~~~~~~~~~~~~~~~~~~~~~~
     | File Not Found.

[91mRemove-PnPFolder: [0mC:\Documents\GitHub\private\UPW-GFH-GoFreshHomes\GoFreshHomes-Create-Folders.ps1:86:25
[96mLine |
[96m  86 | [0m …             [96mRemove-PNPFolder -Name $s -Folder "$fru/$folder1/$folder2[0m …
[96m     | [91m               ~~~~~~~~~~~~~~~~~~~~~~~~~~~~~~~~~~~~~~~~~~~~~~~~~~~~~~~~~
[91m[96m     | [91mFile Not Found.
[0m
Archive

Remove-PnPFolder: C:\Documents\GitHub\private\UPW-GFH-GoFreshHomes\GoFreshHomes-Create-Folders.ps1:86:25
Line |
  86 |  …             Remove-PNPFolder -Name $s -Folder "$fru/$folder1/$folder2 …
     |                ~~~~~~~~~~~~~~~~~~~~~~~~~~~~~~~~~~~~~~~~~~~~~~~~~~~~~~~~~
     | File Not Found.

[91mRemove-PnPFolder: [0mC:\Documents\GitHub\private\UPW-GFH-GoFreshHomes\GoFreshHomes-Create-Folders.ps1:86:25
[96mLine |
[96m  86 | [0m …             [96mRemove-PNPFolder -Name $s -Folder "$fru/$folder1/$folder2[0m …
[96m     | [91m               ~~~~~~~~~~~~~~~~~~~~~~~~~~~~~~~~~~~~~~~~~~~~~~~~~~~~~~~~~
[91m[96m     | [91mFile Not Found.
[0m
History

Remove-PnPFolder: C:\Documents\GitHub\private\UPW-GFH-GoFreshHomes\GoFreshHomes-Create-Folders.ps1:86:25
Line |
  86 |  …             Remove-PNPFolder -Name $s -Folder "$fru/$folder1/$folder2 …
     |                ~~~~~~~~~~~~~~~~~~~~~~~~~~~~~~~~~~~~~~~~~~~~~~~~~~~~~~~~~
     | File Not Found.

[91mRemove-PnPFolder: [0mC:\Documents\GitHub\private\UPW-GFH-GoFreshHomes\GoFreshHomes-Create-Folders.ps1:86:25
[96mLine |
[96m  86 | [0m …             [96mRemove-PNPFolder -Name $s -Folder "$fru/$folder1/$folder2[0m …
[96m     | [91m               ~~~~~~~~~~~~~~~~~~~~~~~~~~~~~~~~~~~~~~~~~~~~~~~~~~~~~~~~~
[91m[96m     | [91mFile Not Found.
[0m
Other

Remove-PnPFolder: C:\Documents\GitHub\private\UPW-GFH-GoFreshHomes\GoFreshHomes-Create-Folders.ps1:86:25
Line |
  86 |  …             Remove-PNPFolder -Name $s -Folder "$fru/$folder1/$folder2 …
     |                ~~~~~~~~~~~~~~~~~~~~~~~~~~~~~~~~~~~~~~~~~~~~~~~~~~~~~~~~~
     | File Not Found.

[91mRemove-PnPFolder: [0mC:\Documents\GitHub\private\UPW-GFH-GoFreshHomes\GoFreshHomes-Create-Folders.ps1:86:25
[96mLine |
[96m  86 | [0m …             [96mRemove-PNPFolder -Name $s -Folder "$fru/$folder1/$folder2[0m …
[96m     | [91m               ~~~~~~~~~~~~~~~~~~~~~~~~~~~~~~~~~~~~~~~~~~~~~~~~~~~~~~~~~
[91m[96m     | [91mFile Not Found.
[0m
CO-CE-71

Add-PnPFolder: C:\Documents\GitHub\private\UPW-GFH-GoFreshHomes\GoFreshHomes-Create-Folders.ps1:62:30
Line |
  62 |  …         $found = Add-PNPFolder -Name $folder2 -Folder "$fru/$folder1"
     |                     ~~~~~~~~~~~~~~~~~~~~~~~~~~~~~~~~~~~~~~~~~~~~~~~~~~~~
     | Server relative urls must start with SPWeb.ServerRelativeUrl

[91mAdd-PnPFolder: [0mC:\Documents\GitHub\private\UPW-GFH-GoFreshHomes\GoFreshHomes-Create-Folders.ps1:62:30
[96mLine |
[96m  62 | [0m …         $found = [96mAdd-PNPFolder -Name $folder2 -Folder "$fru/$folder1"[0m
[96m     | [91m                    ~~~~~~~~~~~~~~~~~~~~~~~~~~~~~~~~~~~~~~~~~~~~~~~~~~~~
[91m[96m     | [91mServer relative urls must start with SPWeb.ServerRelativeUrl
[0m
Tenant

Add-PnPFolder: C:\Documents\GitHub\private\UPW-GFH-GoFreshHomes\GoFreshHomes-Create-Folders.ps1:75:25
Line |
  75 |  …               Add-PNPFolder -Name $s -Folder "$fru/$folder1/$folder2"
     |                  ~~~~~~~~~~~~~~~~~~~~~~~~~~~~~~~~~~~~~~~~~~~~~~~~~~~~~~~
     | Server relative urls must start with SPWeb.ServerRelativeUrl

[91mAdd-PnPFolder: [0mC:\Documents\GitHub\private\UPW-GFH-GoFreshHomes\GoFreshHomes-Create-Folders.ps1:75:25
[96mLine |
[96m  75 | [0m …               [96mAdd-PNPFolder -Name $s -Folder "$fru/$folder1/$folder2"[0m
[96m     | [91m                 ~~~~~~~~~~~~~~~~~~~~~~~~~~~~~~~~~~~~~~~~~~~~~~~~~~~~~~~
[91m[96m     | [91mServer relative urls must start with SPWeb.ServerRelativeUrl
[0m
Asset-Unit

Add-PnPFolder: C:\Documents\GitHub\private\UPW-GFH-GoFreshHomes\GoFreshHomes-Create-Folders.ps1:75:25
Line |
  75 |  …               Add-PNPFolder -Name $s -Folder "$fru/$folder1/$folder2"
     |                  ~~~~~~~~~~~~~~~~~~~~~~~~~~~~~~~~~~~~~~~~~~~~~~~~~~~~~~~
     | Server relative urls must start with SPWeb.ServerRelativeUrl

[91mAdd-PnPFolder: [0mC:\Documents\GitHub\private\UPW-GFH-GoFreshHomes\GoFreshHomes-Create-Folders.ps1:75:25
[96mLine |
[96m  75 | [0m …               [96mAdd-PNPFolder -Name $s -Folder "$fru/$folder1/$folder2"[0m
[96m     | [91m                 ~~~~~~~~~~~~~~~~~~~~~~~~~~~~~~~~~~~~~~~~~~~~~~~~~~~~~~~
[91m[96m     | [91mServer relative urls must start with SPWeb.ServerRelativeUrl
[0m
Tenant

Remove-PnPFolder: C:\Documents\GitHub\private\UPW-GFH-GoFreshHomes\GoFreshHomes-Create-Folders.ps1:86:25
Line |
  86 |  …             Remove-PNPFolder -Name $s -Folder "$fru/$folder1/$folder2 …
     |                ~~~~~~~~~~~~~~~~~~~~~~~~~~~~~~~~~~~~~~~~~~~~~~~~~~~~~~~~~
     | File Not Found.

[91mRemove-PnPFolder: [0mC:\Documents\GitHub\private\UPW-GFH-GoFreshHomes\GoFreshHomes-Create-Folders.ps1:86:25
[96mLine |
[96m  86 | [0m …             [96mRemove-PNPFolder -Name $s -Folder "$fru/$folder1/$folder2[0m …
[96m     | [91m               ~~~~~~~~~~~~~~~~~~~~~~~~~~~~~~~~~~~~~~~~~~~~~~~~~~~~~~~~~
[91m[96m     | [91mFile Not Found.
[0m
Finance

Remove-PnPFolder: C:\Documents\GitHub\private\UPW-GFH-GoFreshHomes\GoFreshHomes-Create-Folders.ps1:86:25
Line |
  86 |  …             Remove-PNPFolder -Name $s -Folder "$fru/$folder1/$folder2 …
     |                ~~~~~~~~~~~~~~~~~~~~~~~~~~~~~~~~~~~~~~~~~~~~~~~~~~~~~~~~~
     | File Not Found.

[91mRemove-PnPFolder: [0mC:\Documents\GitHub\private\UPW-GFH-GoFreshHomes\GoFreshHomes-Create-Folders.ps1:86:25
[96mLine |
[96m  86 | [0m …             [96mRemove-PNPFolder -Name $s -Folder "$fru/$folder1/$folder2[0m …
[96m     | [91m               ~~~~~~~~~~~~~~~~~~~~~~~~~~~~~~~~~~~~~~~~~~~~~~~~~~~~~~~~~
[91m[96m     | [91mFile Not Found.
[0m
Archive

Remove-PnPFolder: C:\Documents\GitHub\private\UPW-GFH-GoFreshHomes\GoFreshHomes-Create-Folders.ps1:86:25
Line |
  86 |  …             Remove-PNPFolder -Name $s -Folder "$fru/$folder1/$folder2 …
     |                ~~~~~~~~~~~~~~~~~~~~~~~~~~~~~~~~~~~~~~~~~~~~~~~~~~~~~~~~~
     | File Not Found.

[91mRemove-PnPFolder: [0mC:\Documents\GitHub\private\UPW-GFH-GoFreshHomes\GoFreshHomes-Create-Folders.ps1:86:25
[96mLine |
[96m  86 | [0m …             [96mRemove-PNPFolder -Name $s -Folder "$fru/$folder1/$folder2[0m …
[96m     | [91m               ~~~~~~~~~~~~~~~~~~~~~~~~~~~~~~~~~~~~~~~~~~~~~~~~~~~~~~~~~
[91m[96m     | [91mFile Not Found.
[0m
History

Remove-PnPFolder: C:\Documents\GitHub\private\UPW-GFH-GoFreshHomes\GoFreshHomes-Create-Folders.ps1:86:25
Line |
  86 |  …             Remove-PNPFolder -Name $s -Folder "$fru/$folder1/$folder2 …
     |                ~~~~~~~~~~~~~~~~~~~~~~~~~~~~~~~~~~~~~~~~~~~~~~~~~~~~~~~~~
     | File Not Found.

[91mRemove-PnPFolder: [0mC:\Documents\GitHub\private\UPW-GFH-GoFreshHomes\GoFreshHomes-Create-Folders.ps1:86:25
[96mLine |
[96m  86 | [0m …             [96mRemove-PNPFolder -Name $s -Folder "$fru/$folder1/$folder2[0m …
[96m     | [91m               ~~~~~~~~~~~~~~~~~~~~~~~~~~~~~~~~~~~~~~~~~~~~~~~~~~~~~~~~~
[91m[96m     | [91mFile Not Found.
[0m
Other

Remove-PnPFolder: C:\Documents\GitHub\private\UPW-GFH-GoFreshHomes\GoFreshHomes-Create-Folders.ps1:86:25
Line |
  86 |  …             Remove-PNPFolder -Name $s -Folder "$fru/$folder1/$folder2 …
     |                ~~~~~~~~~~~~~~~~~~~~~~~~~~~~~~~~~~~~~~~~~~~~~~~~~~~~~~~~~
     | File Not Found.

[91mRemove-PnPFolder: [0mC:\Documents\GitHub\private\UPW-GFH-GoFreshHomes\GoFreshHomes-Create-Folders.ps1:86:25
[96mLine |
[96m  86 | [0m …             [96mRemove-PNPFolder -Name $s -Folder "$fru/$folder1/$folder2[0m …
[96m     | [91m               ~~~~~~~~~~~~~~~~~~~~~~~~~~~~~~~~~~~~~~~~~~~~~~~~~~~~~~~~~
[91m[96m     | [91mFile Not Found.
[0m
CO-FR-1239

Add-PnPFolder: C:\Documents\GitHub\private\UPW-GFH-GoFreshHomes\GoFreshHomes-Create-Folders.ps1:62:30
Line |
  62 |  …         $found = Add-PNPFolder -Name $folder2 -Folder "$fru/$folder1"
     |                     ~~~~~~~~~~~~~~~~~~~~~~~~~~~~~~~~~~~~~~~~~~~~~~~~~~~~
     | Server relative urls must start with SPWeb.ServerRelativeUrl

[91mAdd-PnPFolder: [0mC:\Documents\GitHub\private\UPW-GFH-GoFreshHomes\GoFreshHomes-Create-Folders.ps1:62:30
[96mLine |
[96m  62 | [0m …         $found = [96mAdd-PNPFolder -Name $folder2 -Folder "$fru/$folder1"[0m
[96m     | [91m                    ~~~~~~~~~~~~~~~~~~~~~~~~~~~~~~~~~~~~~~~~~~~~~~~~~~~~
[91m[96m     | [91mServer relative urls must start with SPWeb.ServerRelativeUrl
[0m
Tenant

Add-PnPFolder: C:\Documents\GitHub\private\UPW-GFH-GoFreshHomes\GoFreshHomes-Create-Folders.ps1:75:25
Line |
  75 |  …               Add-PNPFolder -Name $s -Folder "$fru/$folder1/$folder2"
     |                  ~~~~~~~~~~~~~~~~~~~~~~~~~~~~~~~~~~~~~~~~~~~~~~~~~~~~~~~
     | Server relative urls must start with SPWeb.ServerRelativeUrl

[91mAdd-PnPFolder: [0mC:\Documents\GitHub\private\UPW-GFH-GoFreshHomes\GoFreshHomes-Create-Folders.ps1:75:25
[96mLine |
[96m  75 | [0m …               [96mAdd-PNPFolder -Name $s -Folder "$fru/$folder1/$folder2"[0m
[96m     | [91m                 ~~~~~~~~~~~~~~~~~~~~~~~~~~~~~~~~~~~~~~~~~~~~~~~~~~~~~~~
[91m[96m     | [91mServer relative urls must start with SPWeb.ServerRelativeUrl
[0m
Asset-Unit

Add-PnPFolder: C:\Documents\GitHub\private\UPW-GFH-GoFreshHomes\GoFreshHomes-Create-Folders.ps1:75:25
Line |
  75 |  …               Add-PNPFolder -Name $s -Folder "$fru/$folder1/$folder2"
     |                  ~~~~~~~~~~~~~~~~~~~~~~~~~~~~~~~~~~~~~~~~~~~~~~~~~~~~~~~
     | Server relative urls must start with SPWeb.ServerRelativeUrl

[91mAdd-PnPFolder: [0mC:\Documents\GitHub\private\UPW-GFH-GoFreshHomes\GoFreshHomes-Create-Folders.ps1:75:25
[96mLine |
[96m  75 | [0m …               [96mAdd-PNPFolder -Name $s -Folder "$fru/$folder1/$folder2"[0m
[96m     | [91m                 ~~~~~~~~~~~~~~~~~~~~~~~~~~~~~~~~~~~~~~~~~~~~~~~~~~~~~~~
[91m[96m     | [91mServer relative urls must start with SPWeb.ServerRelativeUrl
[0m
Tenant

Remove-PnPFolder: C:\Documents\GitHub\private\UPW-GFH-GoFreshHomes\GoFreshHomes-Create-Folders.ps1:86:25
Line |
  86 |  …             Remove-PNPFolder -Name $s -Folder "$fru/$folder1/$folder2 …
     |                ~~~~~~~~~~~~~~~~~~~~~~~~~~~~~~~~~~~~~~~~~~~~~~~~~~~~~~~~~
     | File Not Found.

[91mRemove-PnPFolder: [0mC:\Documents\GitHub\private\UPW-GFH-GoFreshHomes\GoFreshHomes-Create-Folders.ps1:86:25
[96mLine |
[96m  86 | [0m …             [96mRemove-PNPFolder -Name $s -Folder "$fru/$folder1/$folder2[0m …
[96m     | [91m               ~~~~~~~~~~~~~~~~~~~~~~~~~~~~~~~~~~~~~~~~~~~~~~~~~~~~~~~~~
[91m[96m     | [91mFile Not Found.
[0m
Finance

Remove-PnPFolder: C:\Documents\GitHub\private\UPW-GFH-GoFreshHomes\GoFreshHomes-Create-Folders.ps1:86:25
Line |
  86 |  …             Remove-PNPFolder -Name $s -Folder "$fru/$folder1/$folder2 …
     |                ~~~~~~~~~~~~~~~~~~~~~~~~~~~~~~~~~~~~~~~~~~~~~~~~~~~~~~~~~
     | File Not Found.

[91mRemove-PnPFolder: [0mC:\Documents\GitHub\private\UPW-GFH-GoFreshHomes\GoFreshHomes-Create-Folders.ps1:86:25
[96mLine |
[96m  86 | [0m …             [96mRemove-PNPFolder -Name $s -Folder "$fru/$folder1/$folder2[0m …
[96m     | [91m               ~~~~~~~~~~~~~~~~~~~~~~~~~~~~~~~~~~~~~~~~~~~~~~~~~~~~~~~~~
[91m[96m     | [91mFile Not Found.
[0m
Archive

Remove-PnPFolder: C:\Documents\GitHub\private\UPW-GFH-GoFreshHomes\GoFreshHomes-Create-Folders.ps1:86:25
Line |
  86 |  …             Remove-PNPFolder -Name $s -Folder "$fru/$folder1/$folder2 …
     |                ~~~~~~~~~~~~~~~~~~~~~~~~~~~~~~~~~~~~~~~~~~~~~~~~~~~~~~~~~
     | File Not Found.

[91mRemove-PnPFolder: [0mC:\Documents\GitHub\private\UPW-GFH-GoFreshHomes\GoFreshHomes-Create-Folders.ps1:86:25
[96mLine |
[96m  86 | [0m …             [96mRemove-PNPFolder -Name $s -Folder "$fru/$folder1/$folder2[0m …
[96m     | [91m               ~~~~~~~~~~~~~~~~~~~~~~~~~~~~~~~~~~~~~~~~~~~~~~~~~~~~~~~~~
[91m[96m     | [91mFile Not Found.
[0m
History

Remove-PnPFolder: C:\Documents\GitHub\private\UPW-GFH-GoFreshHomes\GoFreshHomes-Create-Folders.ps1:86:25
Line |
  86 |  …             Remove-PNPFolder -Name $s -Folder "$fru/$folder1/$folder2 …
     |                ~~~~~~~~~~~~~~~~~~~~~~~~~~~~~~~~~~~~~~~~~~~~~~~~~~~~~~~~~
     | File Not Found.

[91mRemove-PnPFolder: [0mC:\Documents\GitHub\private\UPW-GFH-GoFreshHomes\GoFreshHomes-Create-Folders.ps1:86:25
[96mLine |
[96m  86 | [0m …             [96mRemove-PNPFolder -Name $s -Folder "$fru/$folder1/$folder2[0m …
[96m     | [91m               ~~~~~~~~~~~~~~~~~~~~~~~~~~~~~~~~~~~~~~~~~~~~~~~~~~~~~~~~~
[91m[96m     | [91mFile Not Found.
[0m
Other

Remove-PnPFolder: C:\Documents\GitHub\private\UPW-GFH-GoFreshHomes\GoFreshHomes-Create-Folders.ps1:86:25
Line |
  86 |  …             Remove-PNPFolder -Name $s -Folder "$fru/$folder1/$folder2 …
     |                ~~~~~~~~~~~~~~~~~~~~~~~~~~~~~~~~~~~~~~~~~~~~~~~~~~~~~~~~~
     | File Not Found.

[91mRemove-PnPFolder: [0mC:\Documents\GitHub\private\UPW-GFH-GoFreshHomes\GoFreshHomes-Create-Folders.ps1:86:25
[96mLine |
[96m  86 | [0m …             [96mRemove-PNPFolder -Name $s -Folder "$fru/$folder1/$folder2[0m …
[96m     | [91m               ~~~~~~~~~~~~~~~~~~~~~~~~~~~~~~~~~~~~~~~~~~~~~~~~~~~~~~~~~
[91m[96m     | [91mFile Not Found.
[0m
CO-FR-1303

Add-PnPFolder: C:\Documents\GitHub\private\UPW-GFH-GoFreshHomes\GoFreshHomes-Create-Folders.ps1:62:30
Line |
  62 |  …         $found = Add-PNPFolder -Name $folder2 -Folder "$fru/$folder1"
     |                     ~~~~~~~~~~~~~~~~~~~~~~~~~~~~~~~~~~~~~~~~~~~~~~~~~~~~
     | Server relative urls must start with SPWeb.ServerRelativeUrl

[91mAdd-PnPFolder: [0mC:\Documents\GitHub\private\UPW-GFH-GoFreshHomes\GoFreshHomes-Create-Folders.ps1:62:30
[96mLine |
[96m  62 | [0m …         $found = [96mAdd-PNPFolder -Name $folder2 -Folder "$fru/$folder1"[0m
[96m     | [91m                    ~~~~~~~~~~~~~~~~~~~~~~~~~~~~~~~~~~~~~~~~~~~~~~~~~~~~
[91m[96m     | [91mServer relative urls must start with SPWeb.ServerRelativeUrl
[0m
Tenant

Add-PnPFolder: C:\Documents\GitHub\private\UPW-GFH-GoFreshHomes\GoFreshHomes-Create-Folders.ps1:75:25
Line |
  75 |  …               Add-PNPFolder -Name $s -Folder "$fru/$folder1/$folder2"
     |                  ~~~~~~~~~~~~~~~~~~~~~~~~~~~~~~~~~~~~~~~~~~~~~~~~~~~~~~~
     | Server relative urls must start with SPWeb.ServerRelativeUrl

[91mAdd-PnPFolder: [0mC:\Documents\GitHub\private\UPW-GFH-GoFreshHomes\GoFreshHomes-Create-Folders.ps1:75:25
[96mLine |
[96m  75 | [0m …               [96mAdd-PNPFolder -Name $s -Folder "$fru/$folder1/$folder2"[0m
[96m     | [91m                 ~~~~~~~~~~~~~~~~~~~~~~~~~~~~~~~~~~~~~~~~~~~~~~~~~~~~~~~
[91m[96m     | [91mServer relative urls must start with SPWeb.ServerRelativeUrl
[0m
Asset-Unit

Add-PnPFolder: C:\Documents\GitHub\private\UPW-GFH-GoFreshHomes\GoFreshHomes-Create-Folders.ps1:75:25
Line |
  75 |  …               Add-PNPFolder -Name $s -Folder "$fru/$folder1/$folder2"
     |                  ~~~~~~~~~~~~~~~~~~~~~~~~~~~~~~~~~~~~~~~~~~~~~~~~~~~~~~~
     | Server relative urls must start with SPWeb.ServerRelativeUrl

[91mAdd-PnPFolder: [0mC:\Documents\GitHub\private\UPW-GFH-GoFreshHomes\GoFreshHomes-Create-Folders.ps1:75:25
[96mLine |
[96m  75 | [0m …               [96mAdd-PNPFolder -Name $s -Folder "$fru/$folder1/$folder2"[0m
[96m     | [91m                 ~~~~~~~~~~~~~~~~~~~~~~~~~~~~~~~~~~~~~~~~~~~~~~~~~~~~~~~
[91m[96m     | [91mServer relative urls must start with SPWeb.ServerRelativeUrl
[0m
Tenant

Remove-PnPFolder: C:\Documents\GitHub\private\UPW-GFH-GoFreshHomes\GoFreshHomes-Create-Folders.ps1:86:25
Line |
  86 |  …             Remove-PNPFolder -Name $s -Folder "$fru/$folder1/$folder2 …
     |                ~~~~~~~~~~~~~~~~~~~~~~~~~~~~~~~~~~~~~~~~~~~~~~~~~~~~~~~~~
     | File Not Found.

[91mRemove-PnPFolder: [0mC:\Documents\GitHub\private\UPW-GFH-GoFreshHomes\GoFreshHomes-Create-Folders.ps1:86:25
[96mLine |
[96m  86 | [0m …             [96mRemove-PNPFolder -Name $s -Folder "$fru/$folder1/$folder2[0m …
[96m     | [91m               ~~~~~~~~~~~~~~~~~~~~~~~~~~~~~~~~~~~~~~~~~~~~~~~~~~~~~~~~~
[91m[96m     | [91mFile Not Found.
[0m
Finance

Remove-PnPFolder: C:\Documents\GitHub\private\UPW-GFH-GoFreshHomes\GoFreshHomes-Create-Folders.ps1:86:25
Line |
  86 |  …             Remove-PNPFolder -Name $s -Folder "$fru/$folder1/$folder2 …
     |                ~~~~~~~~~~~~~~~~~~~~~~~~~~~~~~~~~~~~~~~~~~~~~~~~~~~~~~~~~
     | File Not Found.

[91mRemove-PnPFolder: [0mC:\Documents\GitHub\private\UPW-GFH-GoFreshHomes\GoFreshHomes-Create-Folders.ps1:86:25
[96mLine |
[96m  86 | [0m …             [96mRemove-PNPFolder -Name $s -Folder "$fru/$folder1/$folder2[0m …
[96m     | [91m               ~~~~~~~~~~~~~~~~~~~~~~~~~~~~~~~~~~~~~~~~~~~~~~~~~~~~~~~~~
[91m[96m     | [91mFile Not Found.
[0m
Archive

Remove-PnPFolder: C:\Documents\GitHub\private\UPW-GFH-GoFreshHomes\GoFreshHomes-Create-Folders.ps1:86:25
Line |
  86 |  …             Remove-PNPFolder -Name $s -Folder "$fru/$folder1/$folder2 …
     |                ~~~~~~~~~~~~~~~~~~~~~~~~~~~~~~~~~~~~~~~~~~~~~~~~~~~~~~~~~
     | File Not Found.

[91mRemove-PnPFolder: [0mC:\Documents\GitHub\private\UPW-GFH-GoFreshHomes\GoFreshHomes-Create-Folders.ps1:86:25
[96mLine |
[96m  86 | [0m …             [96mRemove-PNPFolder -Name $s -Folder "$fru/$folder1/$folder2[0m …
[96m     | [91m               ~~~~~~~~~~~~~~~~~~~~~~~~~~~~~~~~~~~~~~~~~~~~~~~~~~~~~~~~~
[91m[96m     | [91mFile Not Found.
[0m
History

Remove-PnPFolder: C:\Documents\GitHub\private\UPW-GFH-GoFreshHomes\GoFreshHomes-Create-Folders.ps1:86:25
Line |
  86 |  …             Remove-PNPFolder -Name $s -Folder "$fru/$folder1/$folder2 …
     |                ~~~~~~~~~~~~~~~~~~~~~~~~~~~~~~~~~~~~~~~~~~~~~~~~~~~~~~~~~
     | File Not Found.

[91mRemove-PnPFolder: [0mC:\Documents\GitHub\private\UPW-GFH-GoFreshHomes\GoFreshHomes-Create-Folders.ps1:86:25
[96mLine |
[96m  86 | [0m …             [96mRemove-PNPFolder -Name $s -Folder "$fru/$folder1/$folder2[0m …
[96m     | [91m               ~~~~~~~~~~~~~~~~~~~~~~~~~~~~~~~~~~~~~~~~~~~~~~~~~~~~~~~~~
[91m[96m     | [91mFile Not Found.
[0m
Other

Remove-PnPFolder: C:\Documents\GitHub\private\UPW-GFH-GoFreshHomes\GoFreshHomes-Create-Folders.ps1:86:25
Line |
  86 |  …             Remove-PNPFolder -Name $s -Folder "$fru/$folder1/$folder2 …
     |                ~~~~~~~~~~~~~~~~~~~~~~~~~~~~~~~~~~~~~~~~~~~~~~~~~~~~~~~~~
     | File Not Found.

[91mRemove-PnPFolder: [0mC:\Documents\GitHub\private\UPW-GFH-GoFreshHomes\GoFreshHomes-Create-Folders.ps1:86:25
[96mLine |
[96m  86 | [0m …             [96mRemove-PNPFolder -Name $s -Folder "$fru/$folder1/$folder2[0m …
[96m     | [91m               ~~~~~~~~~~~~~~~~~~~~~~~~~~~~~~~~~~~~~~~~~~~~~~~~~~~~~~~~~
[91m[96m     | [91mFile Not Found.
[0m
CO-FR-1505

Add-PnPFolder: C:\Documents\GitHub\private\UPW-GFH-GoFreshHomes\GoFreshHomes-Create-Folders.ps1:62:30
Line |
  62 |  …         $found = Add-PNPFolder -Name $folder2 -Folder "$fru/$folder1"
     |                     ~~~~~~~~~~~~~~~~~~~~~~~~~~~~~~~~~~~~~~~~~~~~~~~~~~~~
     | Server relative urls must start with SPWeb.ServerRelativeUrl

[91mAdd-PnPFolder: [0mC:\Documents\GitHub\private\UPW-GFH-GoFreshHomes\GoFreshHomes-Create-Folders.ps1:62:30
[96mLine |
[96m  62 | [0m …         $found = [96mAdd-PNPFolder -Name $folder2 -Folder "$fru/$folder1"[0m
[96m     | [91m                    ~~~~~~~~~~~~~~~~~~~~~~~~~~~~~~~~~~~~~~~~~~~~~~~~~~~~
[91m[96m     | [91mServer relative urls must start with SPWeb.ServerRelativeUrl
[0m
Tenant

Add-PnPFolder: C:\Documents\GitHub\private\UPW-GFH-GoFreshHomes\GoFreshHomes-Create-Folders.ps1:75:25
Line |
  75 |  …               Add-PNPFolder -Name $s -Folder "$fru/$folder1/$folder2"
     |                  ~~~~~~~~~~~~~~~~~~~~~~~~~~~~~~~~~~~~~~~~~~~~~~~~~~~~~~~
     | Server relative urls must start with SPWeb.ServerRelativeUrl

[91mAdd-PnPFolder: [0mC:\Documents\GitHub\private\UPW-GFH-GoFreshHomes\GoFreshHomes-Create-Folders.ps1:75:25
[96mLine |
[96m  75 | [0m …               [96mAdd-PNPFolder -Name $s -Folder "$fru/$folder1/$folder2"[0m
[96m     | [91m                 ~~~~~~~~~~~~~~~~~~~~~~~~~~~~~~~~~~~~~~~~~~~~~~~~~~~~~~~
[91m[96m     | [91mServer relative urls must start with SPWeb.ServerRelativeUrl
[0m
Asset-Unit

Add-PnPFolder: C:\Documents\GitHub\private\UPW-GFH-GoFreshHomes\GoFreshHomes-Create-Folders.ps1:75:25
Line |
  75 |  …               Add-PNPFolder -Name $s -Folder "$fru/$folder1/$folder2"
     |                  ~~~~~~~~~~~~~~~~~~~~~~~~~~~~~~~~~~~~~~~~~~~~~~~~~~~~~~~
     | Server relative urls must start with SPWeb.ServerRelativeUrl

[91mAdd-PnPFolder: [0mC:\Documents\GitHub\private\UPW-GFH-GoFreshHomes\GoFreshHomes-Create-Folders.ps1:75:25
[96mLine |
[96m  75 | [0m …               [96mAdd-PNPFolder -Name $s -Folder "$fru/$folder1/$folder2"[0m
[96m     | [91m                 ~~~~~~~~~~~~~~~~~~~~~~~~~~~~~~~~~~~~~~~~~~~~~~~~~~~~~~~
[91m[96m     | [91mServer relative urls must start with SPWeb.ServerRelativeUrl
[0m
Tenant

Remove-PnPFolder: C:\Documents\GitHub\private\UPW-GFH-GoFreshHomes\GoFreshHomes-Create-Folders.ps1:86:25
Line |
  86 |  …             Remove-PNPFolder -Name $s -Folder "$fru/$folder1/$folder2 …
     |                ~~~~~~~~~~~~~~~~~~~~~~~~~~~~~~~~~~~~~~~~~~~~~~~~~~~~~~~~~
     | File Not Found.

[91mRemove-PnPFolder: [0mC:\Documents\GitHub\private\UPW-GFH-GoFreshHomes\GoFreshHomes-Create-Folders.ps1:86:25
[96mLine |
[96m  86 | [0m …             [96mRemove-PNPFolder -Name $s -Folder "$fru/$folder1/$folder2[0m …
[96m     | [91m               ~~~~~~~~~~~~~~~~~~~~~~~~~~~~~~~~~~~~~~~~~~~~~~~~~~~~~~~~~
[91m[96m     | [91mFile Not Found.
[0m
Finance

Remove-PnPFolder: C:\Documents\GitHub\private\UPW-GFH-GoFreshHomes\GoFreshHomes-Create-Folders.ps1:86:25
Line |
  86 |  …             Remove-PNPFolder -Name $s -Folder "$fru/$folder1/$folder2 …
     |                ~~~~~~~~~~~~~~~~~~~~~~~~~~~~~~~~~~~~~~~~~~~~~~~~~~~~~~~~~
     | File Not Found.

[91mRemove-PnPFolder: [0mC:\Documents\GitHub\private\UPW-GFH-GoFreshHomes\GoFreshHomes-Create-Folders.ps1:86:25
[96mLine |
[96m  86 | [0m …             [96mRemove-PNPFolder -Name $s -Folder "$fru/$folder1/$folder2[0m …
[96m     | [91m               ~~~~~~~~~~~~~~~~~~~~~~~~~~~~~~~~~~~~~~~~~~~~~~~~~~~~~~~~~
[91m[96m     | [91mFile Not Found.
[0m
Archive

Remove-PnPFolder: C:\Documents\GitHub\private\UPW-GFH-GoFreshHomes\GoFreshHomes-Create-Folders.ps1:86:25
Line |
  86 |  …             Remove-PNPFolder -Name $s -Folder "$fru/$folder1/$folder2 …
     |                ~~~~~~~~~~~~~~~~~~~~~~~~~~~~~~~~~~~~~~~~~~~~~~~~~~~~~~~~~
     | File Not Found.

[91mRemove-PnPFolder: [0mC:\Documents\GitHub\private\UPW-GFH-GoFreshHomes\GoFreshHomes-Create-Folders.ps1:86:25
[96mLine |
[96m  86 | [0m …             [96mRemove-PNPFolder -Name $s -Folder "$fru/$folder1/$folder2[0m …
[96m     | [91m               ~~~~~~~~~~~~~~~~~~~~~~~~~~~~~~~~~~~~~~~~~~~~~~~~~~~~~~~~~
[91m[96m     | [91mFile Not Found.
[0m
History

Remove-PnPFolder: C:\Documents\GitHub\private\UPW-GFH-GoFreshHomes\GoFreshHomes-Create-Folders.ps1:86:25
Line |
  86 |  …             Remove-PNPFolder -Name $s -Folder "$fru/$folder1/$folder2 …
     |                ~~~~~~~~~~~~~~~~~~~~~~~~~~~~~~~~~~~~~~~~~~~~~~~~~~~~~~~~~
     | File Not Found.

[91mRemove-PnPFolder: [0mC:\Documents\GitHub\private\UPW-GFH-GoFreshHomes\GoFreshHomes-Create-Folders.ps1:86:25
[96mLine |
[96m  86 | [0m …             [96mRemove-PNPFolder -Name $s -Folder "$fru/$folder1/$folder2[0m …
[96m     | [91m               ~~~~~~~~~~~~~~~~~~~~~~~~~~~~~~~~~~~~~~~~~~~~~~~~~~~~~~~~~
[91m[96m     | [91mFile Not Found.
[0m
Other

Remove-PnPFolder: C:\Documents\GitHub\private\UPW-GFH-GoFreshHomes\GoFreshHomes-Create-Folders.ps1:86:25
Line |
  86 |  …             Remove-PNPFolder -Name $s -Folder "$fru/$folder1/$folder2 …
     |                ~~~~~~~~~~~~~~~~~~~~~~~~~~~~~~~~~~~~~~~~~~~~~~~~~~~~~~~~~
     | File Not Found.

[91mRemove-PnPFolder: [0mC:\Documents\GitHub\private\UPW-GFH-GoFreshHomes\GoFreshHomes-Create-Folders.ps1:86:25
[96mLine |
[96m  86 | [0m …             [96mRemove-PNPFolder -Name $s -Folder "$fru/$folder1/$folder2[0m …
[96m     | [91m               ~~~~~~~~~~~~~~~~~~~~~~~~~~~~~~~~~~~~~~~~~~~~~~~~~~~~~~~~~
[91m[96m     | [91mFile Not Found.
[0m
CO-FR-1512

Add-PnPFolder: C:\Documents\GitHub\private\UPW-GFH-GoFreshHomes\GoFreshHomes-Create-Folders.ps1:62:30
Line |
  62 |  …         $found = Add-PNPFolder -Name $folder2 -Folder "$fru/$folder1"
     |                     ~~~~~~~~~~~~~~~~~~~~~~~~~~~~~~~~~~~~~~~~~~~~~~~~~~~~
     | Server relative urls must start with SPWeb.ServerRelativeUrl

[91mAdd-PnPFolder: [0mC:\Documents\GitHub\private\UPW-GFH-GoFreshHomes\GoFreshHomes-Create-Folders.ps1:62:30
[96mLine |
[96m  62 | [0m …         $found = [96mAdd-PNPFolder -Name $folder2 -Folder "$fru/$folder1"[0m
[96m     | [91m                    ~~~~~~~~~~~~~~~~~~~~~~~~~~~~~~~~~~~~~~~~~~~~~~~~~~~~
[91m[96m     | [91mServer relative urls must start with SPWeb.ServerRelativeUrl
[0m
Tenant

Add-PnPFolder: C:\Documents\GitHub\private\UPW-GFH-GoFreshHomes\GoFreshHomes-Create-Folders.ps1:75:25
Line |
  75 |  …               Add-PNPFolder -Name $s -Folder "$fru/$folder1/$folder2"
     |                  ~~~~~~~~~~~~~~~~~~~~~~~~~~~~~~~~~~~~~~~~~~~~~~~~~~~~~~~
     | Server relative urls must start with SPWeb.ServerRelativeUrl

[91mAdd-PnPFolder: [0mC:\Documents\GitHub\private\UPW-GFH-GoFreshHomes\GoFreshHomes-Create-Folders.ps1:75:25
[96mLine |
[96m  75 | [0m …               [96mAdd-PNPFolder -Name $s -Folder "$fru/$folder1/$folder2"[0m
[96m     | [91m                 ~~~~~~~~~~~~~~~~~~~~~~~~~~~~~~~~~~~~~~~~~~~~~~~~~~~~~~~
[91m[96m     | [91mServer relative urls must start with SPWeb.ServerRelativeUrl
[0m
Asset-Unit

Add-PnPFolder: C:\Documents\GitHub\private\UPW-GFH-GoFreshHomes\GoFreshHomes-Create-Folders.ps1:75:25
Line |
  75 |  …               Add-PNPFolder -Name $s -Folder "$fru/$folder1/$folder2"
     |                  ~~~~~~~~~~~~~~~~~~~~~~~~~~~~~~~~~~~~~~~~~~~~~~~~~~~~~~~
     | Server relative urls must start with SPWeb.ServerRelativeUrl

[91mAdd-PnPFolder: [0mC:\Documents\GitHub\private\UPW-GFH-GoFreshHomes\GoFreshHomes-Create-Folders.ps1:75:25
[96mLine |
[96m  75 | [0m …               [96mAdd-PNPFolder -Name $s -Folder "$fru/$folder1/$folder2"[0m
[96m     | [91m                 ~~~~~~~~~~~~~~~~~~~~~~~~~~~~~~~~~~~~~~~~~~~~~~~~~~~~~~~
[91m[96m     | [91mServer relative urls must start with SPWeb.ServerRelativeUrl
[0m
Tenant
PS C:\Documents\GitHub\private\UPW-GFH-GoFreshHomes> TerminatingError(): "The pipeline has been stopped."
>> TerminatingError(): "The pipeline has been stopped."
>> TerminatingError(): "The pipeline has been stopped."
>> @{ 'computerName' = if ([Environment]::MachineName) {[Environment]::MachineName}  else {'localhost'}; 'processId' = $PID; 'instanceId' = $host.InstanceId }

Name                           Value
----                           -----
processId                      11552
computerName                   LAPTOP-QRPJIFPT
instanceId                     0f84648a-c1ac-4d21-bebb-1e514d7b417a

PS C:\Documents\GitHub\private\UPW-GFH-GoFreshHomes> cls
PS C:\Documents\GitHub\private\UPW-GFH-GoFreshHomes> @{ 'computerName' = if ([Environment]::MachineName) {[Environment]::MachineName}  else {'localhost'}; 'processId' = $PID; 'instanceId' = $host.InstanceId }

Name                           Value
----                           -----
processId                      11552
computerName                   LAPTOP-QRPJIFPT
instanceId                     0f84648a-c1ac-4d21-bebb-1e514d7b417a

